Time resolution is 1 ps
Time: 0 | Master Din: 00 | Addr: 0000 | Write Enable: 0 | Slave1 Select: 0 | Slave2 Select: 0 | Slave3 Select: 0
Time: 55000 | Master Din: xx | Addr: 0000 | Write Enable: 0 | Slave1 Select: 1 | Slave2 Select: 0 | Slave3 Select: 0
Time: 65000 | Master Din: a5 | Addr: 0000 | Write Enable: 0 | Slave1 Select: 1 | Slave2 Select: 0 | Slave3 Select: 0
Time: 75000 | Master Din: 00 | Addr: 0000 | Write Enable: 0 | Slave1 Select: 0 | Slave2 Select: 0 | Slave3 Select: 0
Time: 105000 | Master Din: 00 | Addr: 0001 | Write Enable: 1 | Slave1 Select: 0 | Slave2 Select: 0 | Slave3 Select: 0
Time: 125000 | Master Din: a5 | Addr: 0001 | Write Enable: 1 | Slave1 Select: 1 | Slave2 Select: 0 | Slave3 Select: 0
Time: 145000 | Master Din: 00 | Addr: 0001 | Write Enable: 0 | Slave1 Select: 0 | Slave2 Select: 0 | Slave3 Select: 0
Time: 175000 | Master Din: 00 | Addr: 0100 | Write Enable: 0 | Slave1 Select: 0 | Slave2 Select: 0 | Slave3 Select: 0
Time: 195000 | Master Din: xx | Addr: 0100 | Write Enable: 0 | Slave1 Select: 0 | Slave2 Select: 1 | Slave3 Select: 0
$finish called at time : 205 ns : File "C:/Users/Hansa Niluka/OneDrive - University of Moratuwa/semster 07/4.EN4021 - Advanced Digital Systems/Bus-Desingn/Simple_bus_SMMS/Simple_bus_SMMS.srcs/sources_1/new/SMMS_bus_tb.v" Line 178
Time: 205000 | Master Din: a5 | Addr: 0100 | Write Enable: 0 | Slave1 Select: 0 | Slave2 Select: 1 | Slave3 Select: 0
Time: 215000 | Master Din: 00 | Addr: 0100 | Write Enable: 0 | Slave1 Select: 0 | Slave2 Select: 0 | Slave3 Select: 0
Time: 245000 | Master Din: 00 | Addr: 0101 | Write Enable: 1 | Slave1 Select: 0 | Slave2 Select: 0 | Slave3 Select: 0
Time: 265000 | Master Din: a5 | Addr: 0101 | Write Enable: 1 | Slave1 Select: 0 | Slave2 Select: 1 | Slave3 Select: 0
Time: 285000 | Master Din: 00 | Addr: 0101 | Write Enable: 0 | Slave1 Select: 0 | Slave2 Select: 0 | Slave3 Select: 0
Time: 315000 | Master Din: 00 | Addr: 1000 | Write Enable: 0 | Slave1 Select: 0 | Slave2 Select: 0 | Slave3 Select: 0
Time: 335000 | Master Din: xx | Addr: 1000 | Write Enable: 0 | Slave1 Select: 0 | Slave2 Select: 0 | Slave3 Select: 1
Time: 345000 | Master Din: a5 | Addr: 1000 | Write Enable: 0 | Slave1 Select: 0 | Slave2 Select: 0 | Slave3 Select: 1
Time: 355000 | Master Din: 00 | Addr: 1000 | Write Enable: 0 | Slave1 Select: 0 | Slave2 Select: 0 | Slave3 Select: 0
Time: 385000 | Master Din: 00 | Addr: 1001 | Write Enable: 1 | Slave1 Select: 0 | Slave2 Select: 0 | Slave3 Select: 0
Time: 405000 | Master Din: a5 | Addr: 1001 | Write Enable: 1 | Slave1 Select: 0 | Slave2 Select: 0 | Slave3 Select: 1
Time: 425000 | Master Din: 00 | Addr: 1001 | Write Enable: 0 | Slave1 Select: 0 | Slave2 Select: 0 | Slave3 Select: 0
Time: 515000 | Master Din: 00 | Addr: 0000 | Write Enable: 0 | Slave1 Select: 0 | Slave2 Select: 0 | Slave3 Select: 0
Time: 535000 | Master Din: a5 | Addr: 0000 | Write Enable: 0 | Slave1 Select: 1 | Slave2 Select: 0 | Slave3 Select: 0
Time: 555000 | Master Din: 00 | Addr: 0000 | Write Enable: 0 | Slave1 Select: 0 | Slave2 Select: 0 | Slave3 Select: 0
Time: 585000 | Master Din: 00 | Addr: 0001 | Write Enable: 1 | Slave1 Select: 0 | Slave2 Select: 0 | Slave3 Select: 0
Time: 605000 | Master Din: a5 | Addr: 0001 | Write Enable: 1 | Slave1 Select: 1 | Slave2 Select: 0 | Slave3 Select: 0
Time: 625000 | Master Din: 00 | Addr: 0001 | Write Enable: 0 | Slave1 Select: 0 | Slave2 Select: 0 | Slave3 Select: 0
Time: 655000 | Master Din: 00 | Addr: 0100 | Write Enable: 0 | Slave1 Select: 0 | Slave2 Select: 0 | Slave3 Select: 0
Time: 675000 | Master Din: a5 | Addr: 0100 | Write Enable: 0 | Slave1 Select: 0 | Slave2 Select: 1 | Slave3 Select: 0
Time: 695000 | Master Din: 00 | Addr: 0100 | Write Enable: 0 | Slave1 Select: 0 | Slave2 Select: 0 | Slave3 Select: 0
Time: 725000 | Master Din: 00 | Addr: 0101 | Write Enable: 1 | Slave1 Select: 0 | Slave2 Select: 0 | Slave3 Select: 0
Time: 745000 | Master Din: a5 | Addr: 0101 | Write Enable: 1 | Slave1 Select: 0 | Slave2 Select: 1 | Slave3 Select: 0
Time: 765000 | Master Din: 00 | Addr: 0101 | Write Enable: 0 | Slave1 Select: 0 | Slave2 Select: 0 | Slave3 Select: 0
Time: 795000 | Master Din: 00 | Addr: 1000 | Write Enable: 0 | Slave1 Select: 0 | Slave2 Select: 0 | Slave3 Select: 0
Time: 815000 | Master Din: a5 | Addr: 1000 | Write Enable: 0 | Slave1 Select: 0 | Slave2 Select: 0 | Slave3 Select: 1
Time: 835000 | Master Din: 00 | Addr: 1000 | Write Enable: 0 | Slave1 Select: 0 | Slave2 Select: 0 | Slave3 Select: 0
Time: 865000 | Master Din: 00 | Addr: 1001 | Write Enable: 1 | Slave1 Select: 0 | Slave2 Select: 0 | Slave3 Select: 0
Time: 885000 | Master Din: a5 | Addr: 1001 | Write Enable: 1 | Slave1 Select: 0 | Slave2 Select: 0 | Slave3 Select: 1
Time: 905000 | Master Din: 00 | Addr: 1001 | Write Enable: 0 | Slave1 Select: 0 | Slave2 Select: 0 | Slave3 Select: 0
Time: 995000 | Master Din: 00 | Addr: 0000 | Write Enable: 0 | Slave1 Select: 0 | Slave2 Select: 0 | Slave3 Select: 0
Time: 1015000 | Master Din: a5 | Addr: 0000 | Write Enable: 0 | Slave1 Select: 1 | Slave2 Select: 0 | Slave3 Select: 0
Time: 1035000 | Master Din: 00 | Addr: 0000 | Write Enable: 0 | Slave1 Select: 0 | Slave2 Select: 0 | Slave3 Select: 0
Time: 1065000 | Master Din: 00 | Addr: 0001 | Write Enable: 1 | Slave1 Select: 0 | Slave2 Select: 0 | Slave3 Select: 0
Time: 1085000 | Master Din: a5 | Addr: 0001 | Write Enable: 1 | Slave1 Select: 1 | Slave2 Select: 0 | Slave3 Select: 0
Time: 1105000 | Master Din: 00 | Addr: 0001 | Write Enable: 0 | Slave1 Select: 0 | Slave2 Select: 0 | Slave3 Select: 0
Time: 1135000 | Master Din: 00 | Addr: 0100 | Write Enable: 0 | Slave1 Select: 0 | Slave2 Select: 0 | Slave3 Select: 0
Time: 1155000 | Master Din: a5 | Addr: 0100 | Write Enable: 0 | Slave1 Select: 0 | Slave2 Select: 1 | Slave3 Select: 0
Time: 1175000 | Master Din: 00 | Addr: 0100 | Write Enable: 0 | Slave1 Select: 0 | Slave2 Select: 0 | Slave3 Select: 0
Time: 1205000 | Master Din: 00 | Addr: 0101 | Write Enable: 1 | Slave1 Select: 0 | Slave2 Select: 0 | Slave3 Select: 0
Time: 1225000 | Master Din: a5 | Addr: 0101 | Write Enable: 1 | Slave1 Select: 0 | Slave2 Select: 1 | Slave3 Select: 0
Time: 1245000 | Master Din: 00 | Addr: 0101 | Write Enable: 0 | Slave1 Select: 0 | Slave2 Select: 0 | Slave3 Select: 0
Time: 1275000 | Master Din: 00 | Addr: 1000 | Write Enable: 0 | Slave1 Select: 0 | Slave2 Select: 0 | Slave3 Select: 0
Time: 1295000 | Master Din: a5 | Addr: 1000 | Write Enable: 0 | Slave1 Select: 0 | Slave2 Select: 0 | Slave3 Select: 1
Time: 1315000 | Master Din: 00 | Addr: 1000 | Write Enable: 0 | Slave1 Select: 0 | Slave2 Select: 0 | Slave3 Select: 0
Time: 1345000 | Master Din: 00 | Addr: 1001 | Write Enable: 1 | Slave1 Select: 0 | Slave2 Select: 0 | Slave3 Select: 0
Time: 1365000 | Master Din: a5 | Addr: 1001 | Write Enable: 1 | Slave1 Select: 0 | Slave2 Select: 0 | Slave3 Select: 1
Time: 1385000 | Master Din: 00 | Addr: 1001 | Write Enable: 0 | Slave1 Select: 0 | Slave2 Select: 0 | Slave3 Select: 0
Time: 1475000 | Master Din: 00 | Addr: 0000 | Write Enable: 0 | Slave1 Select: 0 | Slave2 Select: 0 | Slave3 Select: 0
Time: 1495000 | Master Din: a5 | Addr: 0000 | Write Enable: 0 | Slave1 Select: 1 | Slave2 Select: 0 | Slave3 Select: 0
Time: 1515000 | Master Din: 00 | Addr: 0000 | Write Enable: 0 | Slave1 Select: 0 | Slave2 Select: 0 | Slave3 Select: 0
Time: 1545000 | Master Din: 00 | Addr: 0001 | Write Enable: 1 | Slave1 Select: 0 | Slave2 Select: 0 | Slave3 Select: 0
Time: 1565000 | Master Din: a5 | Addr: 0001 | Write Enable: 1 | Slave1 Select: 1 | Slave2 Select: 0 | Slave3 Select: 0
Time: 1585000 | Master Din: 00 | Addr: 0001 | Write Enable: 0 | Slave1 Select: 0 | Slave2 Select: 0 | Slave3 Select: 0
Time: 1615000 | Master Din: 00 | Addr: 0100 | Write Enable: 0 | Slave1 Select: 0 | Slave2 Select: 0 | Slave3 Select: 0
Time: 1635000 | Master Din: a5 | Addr: 0100 | Write Enable: 0 | Slave1 Select: 0 | Slave2 Select: 1 | Slave3 Select: 0
Time: 1655000 | Master Din: 00 | Addr: 0100 | Write Enable: 0 | Slave1 Select: 0 | Slave2 Select: 0 | Slave3 Select: 0
Time: 1685000 | Master Din: 00 | Addr: 0101 | Write Enable: 1 | Slave1 Select: 0 | Slave2 Select: 0 | Slave3 Select: 0
Time: 1705000 | Master Din: a5 | Addr: 0101 | Write Enable: 1 | Slave1 Select: 0 | Slave2 Select: 1 | Slave3 Select: 0
Time: 1725000 | Master Din: 00 | Addr: 0101 | Write Enable: 0 | Slave1 Select: 0 | Slave2 Select: 0 | Slave3 Select: 0
Time: 1755000 | Master Din: 00 | Addr: 1000 | Write Enable: 0 | Slave1 Select: 0 | Slave2 Select: 0 | Slave3 Select: 0
Time: 1775000 | Master Din: a5 | Addr: 1000 | Write Enable: 0 | Slave1 Select: 0 | Slave2 Select: 0 | Slave3 Select: 1
Time: 1795000 | Master Din: 00 | Addr: 1000 | Write Enable: 0 | Slave1 Select: 0 | Slave2 Select: 0 | Slave3 Select: 0
Time: 1825000 | Master Din: 00 | Addr: 1001 | Write Enable: 1 | Slave1 Select: 0 | Slave2 Select: 0 | Slave3 Select: 0
Time: 1845000 | Master Din: a5 | Addr: 1001 | Write Enable: 1 | Slave1 Select: 0 | Slave2 Select: 0 | Slave3 Select: 1
Time: 1865000 | Master Din: 00 | Addr: 1001 | Write Enable: 0 | Slave1 Select: 0 | Slave2 Select: 0 | Slave3 Select: 0
Time: 1955000 | Master Din: 00 | Addr: 0000 | Write Enable: 0 | Slave1 Select: 0 | Slave2 Select: 0 | Slave3 Select: 0
Time: 1975000 | Master Din: a5 | Addr: 0000 | Write Enable: 0 | Slave1 Select: 1 | Slave2 Select: 0 | Slave3 Select: 0
Time: 1995000 | Master Din: 00 | Addr: 0000 | Write Enable: 0 | Slave1 Select: 0 | Slave2 Select: 0 | Slave3 Select: 0
Time: 2025000 | Master Din: 00 | Addr: 0001 | Write Enable: 1 | Slave1 Select: 0 | Slave2 Select: 0 | Slave3 Select: 0
Time: 2045000 | Master Din: a5 | Addr: 0001 | Write Enable: 1 | Slave1 Select: 1 | Slave2 Select: 0 | Slave3 Select: 0
Time: 2065000 | Master Din: 00 | Addr: 0001 | Write Enable: 0 | Slave1 Select: 0 | Slave2 Select: 0 | Slave3 Select: 0
Time: 2095000 | Master Din: 00 | Addr: 0100 | Write Enable: 0 | Slave1 Select: 0 | Slave2 Select: 0 | Slave3 Select: 0
Time: 2115000 | Master Din: a5 | Addr: 0100 | Write Enable: 0 | Slave1 Select: 0 | Slave2 Select: 1 | Slave3 Select: 0
Time: 2135000 | Master Din: 00 | Addr: 0100 | Write Enable: 0 | Slave1 Select: 0 | Slave2 Select: 0 | Slave3 Select: 0
Time: 2165000 | Master Din: 00 | Addr: 0101 | Write Enable: 1 | Slave1 Select: 0 | Slave2 Select: 0 | Slave3 Select: 0
Time: 2185000 | Master Din: a5 | Addr: 0101 | Write Enable: 1 | Slave1 Select: 0 | Slave2 Select: 1 | Slave3 Select: 0
Time: 2205000 | Master Din: 00 | Addr: 0101 | Write Enable: 0 | Slave1 Select: 0 | Slave2 Select: 0 | Slave3 Select: 0
Time: 2235000 | Master Din: 00 | Addr: 1000 | Write Enable: 0 | Slave1 Select: 0 | Slave2 Select: 0 | Slave3 Select: 0
Time: 2255000 | Master Din: a5 | Addr: 1000 | Write Enable: 0 | Slave1 Select: 0 | Slave2 Select: 0 | Slave3 Select: 1
Time: 2275000 | Master Din: 00 | Addr: 1000 | Write Enable: 0 | Slave1 Select: 0 | Slave2 Select: 0 | Slave3 Select: 0
Time: 2305000 | Master Din: 00 | Addr: 1001 | Write Enable: 1 | Slave1 Select: 0 | Slave2 Select: 0 | Slave3 Select: 0
Time: 2325000 | Master Din: a5 | Addr: 1001 | Write Enable: 1 | Slave1 Select: 0 | Slave2 Select: 0 | Slave3 Select: 1
Time: 2345000 | Master Din: 00 | Addr: 1001 | Write Enable: 0 | Slave1 Select: 0 | Slave2 Select: 0 | Slave3 Select: 0
Time: 2435000 | Master Din: 00 | Addr: 0000 | Write Enable: 0 | Slave1 Select: 0 | Slave2 Select: 0 | Slave3 Select: 0
Time: 2455000 | Master Din: a5 | Addr: 0000 | Write Enable: 0 | Slave1 Select: 1 | Slave2 Select: 0 | Slave3 Select: 0
Time: 2475000 | Master Din: 00 | Addr: 0000 | Write Enable: 0 | Slave1 Select: 0 | Slave2 Select: 0 | Slave3 Select: 0
Time: 2505000 | Master Din: 00 | Addr: 0001 | Write Enable: 1 | Slave1 Select: 0 | Slave2 Select: 0 | Slave3 Select: 0
Time: 2525000 | Master Din: a5 | Addr: 0001 | Write Enable: 1 | Slave1 Select: 1 | Slave2 Select: 0 | Slave3 Select: 0
Time: 2545000 | Master Din: 00 | Addr: 0001 | Write Enable: 0 | Slave1 Select: 0 | Slave2 Select: 0 | Slave3 Select: 0
Time: 2575000 | Master Din: 00 | Addr: 0100 | Write Enable: 0 | Slave1 Select: 0 | Slave2 Select: 0 | Slave3 Select: 0
Time: 2595000 | Master Din: a5 | Addr: 0100 | Write Enable: 0 | Slave1 Select: 0 | Slave2 Select: 1 | Slave3 Select: 0
Time: 2615000 | Master Din: 00 | Addr: 0100 | Write Enable: 0 | Slave1 Select: 0 | Slave2 Select: 0 | Slave3 Select: 0
Time: 2645000 | Master Din: 00 | Addr: 0101 | Write Enable: 1 | Slave1 Select: 0 | Slave2 Select: 0 | Slave3 Select: 0
Time: 2665000 | Master Din: a5 | Addr: 0101 | Write Enable: 1 | Slave1 Select: 0 | Slave2 Select: 1 | Slave3 Select: 0
Time: 2685000 | Master Din: 00 | Addr: 0101 | Write Enable: 0 | Slave1 Select: 0 | Slave2 Select: 0 | Slave3 Select: 0
Time: 2715000 | Master Din: 00 | Addr: 1000 | Write Enable: 0 | Slave1 Select: 0 | Slave2 Select: 0 | Slave3 Select: 0
Time: 2735000 | Master Din: a5 | Addr: 1000 | Write Enable: 0 | Slave1 Select: 0 | Slave2 Select: 0 | Slave3 Select: 1
Time: 2755000 | Master Din: 00 | Addr: 1000 | Write Enable: 0 | Slave1 Select: 0 | Slave2 Select: 0 | Slave3 Select: 0
Time: 2785000 | Master Din: 00 | Addr: 1001 | Write Enable: 1 | Slave1 Select: 0 | Slave2 Select: 0 | Slave3 Select: 0
Time: 2805000 | Master Din: a5 | Addr: 1001 | Write Enable: 1 | Slave1 Select: 0 | Slave2 Select: 0 | Slave3 Select: 1
Time: 2825000 | Master Din: 00 | Addr: 1001 | Write Enable: 0 | Slave1 Select: 0 | Slave2 Select: 0 | Slave3 Select: 0
Time: 2915000 | Master Din: 00 | Addr: 0000 | Write Enable: 0 | Slave1 Select: 0 | Slave2 Select: 0 | Slave3 Select: 0
Time: 2935000 | Master Din: a5 | Addr: 0000 | Write Enable: 0 | Slave1 Select: 1 | Slave2 Select: 0 | Slave3 Select: 0
Time: 2955000 | Master Din: 00 | Addr: 0000 | Write Enable: 0 | Slave1 Select: 0 | Slave2 Select: 0 | Slave3 Select: 0
Time: 2985000 | Master Din: 00 | Addr: 0001 | Write Enable: 1 | Slave1 Select: 0 | Slave2 Select: 0 | Slave3 Select: 0
Time: 3005000 | Master Din: a5 | Addr: 0001 | Write Enable: 1 | Slave1 Select: 1 | Slave2 Select: 0 | Slave3 Select: 0
Time: 3025000 | Master Din: 00 | Addr: 0001 | Write Enable: 0 | Slave1 Select: 0 | Slave2 Select: 0 | Slave3 Select: 0
Time: 3055000 | Master Din: 00 | Addr: 0100 | Write Enable: 0 | Slave1 Select: 0 | Slave2 Select: 0 | Slave3 Select: 0
Time: 3075000 | Master Din: a5 | Addr: 0100 | Write Enable: 0 | Slave1 Select: 0 | Slave2 Select: 1 | Slave3 Select: 0
Time: 3095000 | Master Din: 00 | Addr: 0100 | Write Enable: 0 | Slave1 Select: 0 | Slave2 Select: 0 | Slave3 Select: 0
Time: 3125000 | Master Din: 00 | Addr: 0101 | Write Enable: 1 | Slave1 Select: 0 | Slave2 Select: 0 | Slave3 Select: 0
Time: 3145000 | Master Din: a5 | Addr: 0101 | Write Enable: 1 | Slave1 Select: 0 | Slave2 Select: 1 | Slave3 Select: 0
Time: 3165000 | Master Din: 00 | Addr: 0101 | Write Enable: 0 | Slave1 Select: 0 | Slave2 Select: 0 | Slave3 Select: 0
Time: 3195000 | Master Din: 00 | Addr: 1000 | Write Enable: 0 | Slave1 Select: 0 | Slave2 Select: 0 | Slave3 Select: 0
Time: 3215000 | Master Din: a5 | Addr: 1000 | Write Enable: 0 | Slave1 Select: 0 | Slave2 Select: 0 | Slave3 Select: 1
Time: 3235000 | Master Din: 00 | Addr: 1000 | Write Enable: 0 | Slave1 Select: 0 | Slave2 Select: 0 | Slave3 Select: 0
Time: 3265000 | Master Din: 00 | Addr: 1001 | Write Enable: 1 | Slave1 Select: 0 | Slave2 Select: 0 | Slave3 Select: 0
Time: 3285000 | Master Din: a5 | Addr: 1001 | Write Enable: 1 | Slave1 Select: 0 | Slave2 Select: 0 | Slave3 Select: 1
Time: 3305000 | Master Din: 00 | Addr: 1001 | Write Enable: 0 | Slave1 Select: 0 | Slave2 Select: 0 | Slave3 Select: 0
Time: 3395000 | Master Din: 00 | Addr: 0000 | Write Enable: 0 | Slave1 Select: 0 | Slave2 Select: 0 | Slave3 Select: 0
Time: 3415000 | Master Din: a5 | Addr: 0000 | Write Enable: 0 | Slave1 Select: 1 | Slave2 Select: 0 | Slave3 Select: 0
Time: 3435000 | Master Din: 00 | Addr: 0000 | Write Enable: 0 | Slave1 Select: 0 | Slave2 Select: 0 | Slave3 Select: 0
Time: 3465000 | Master Din: 00 | Addr: 0001 | Write Enable: 1 | Slave1 Select: 0 | Slave2 Select: 0 | Slave3 Select: 0
Time: 3485000 | Master Din: a5 | Addr: 0001 | Write Enable: 1 | Slave1 Select: 1 | Slave2 Select: 0 | Slave3 Select: 0
Time: 3505000 | Master Din: 00 | Addr: 0001 | Write Enable: 0 | Slave1 Select: 0 | Slave2 Select: 0 | Slave3 Select: 0
Time: 3535000 | Master Din: 00 | Addr: 0100 | Write Enable: 0 | Slave1 Select: 0 | Slave2 Select: 0 | Slave3 Select: 0
Time: 3555000 | Master Din: a5 | Addr: 0100 | Write Enable: 0 | Slave1 Select: 0 | Slave2 Select: 1 | Slave3 Select: 0
Time: 3575000 | Master Din: 00 | Addr: 0100 | Write Enable: 0 | Slave1 Select: 0 | Slave2 Select: 0 | Slave3 Select: 0
Time: 3605000 | Master Din: 00 | Addr: 0101 | Write Enable: 1 | Slave1 Select: 0 | Slave2 Select: 0 | Slave3 Select: 0
Time: 3625000 | Master Din: a5 | Addr: 0101 | Write Enable: 1 | Slave1 Select: 0 | Slave2 Select: 1 | Slave3 Select: 0
Time: 3645000 | Master Din: 00 | Addr: 0101 | Write Enable: 0 | Slave1 Select: 0 | Slave2 Select: 0 | Slave3 Select: 0
Time: 3675000 | Master Din: 00 | Addr: 1000 | Write Enable: 0 | Slave1 Select: 0 | Slave2 Select: 0 | Slave3 Select: 0
Time: 3695000 | Master Din: a5 | Addr: 1000 | Write Enable: 0 | Slave1 Select: 0 | Slave2 Select: 0 | Slave3 Select: 1
Time: 3715000 | Master Din: 00 | Addr: 1000 | Write Enable: 0 | Slave1 Select: 0 | Slave2 Select: 0 | Slave3 Select: 0
Time: 3745000 | Master Din: 00 | Addr: 1001 | Write Enable: 1 | Slave1 Select: 0 | Slave2 Select: 0 | Slave3 Select: 0
Time: 3765000 | Master Din: a5 | Addr: 1001 | Write Enable: 1 | Slave1 Select: 0 | Slave2 Select: 0 | Slave3 Select: 1
Time: 3785000 | Master Din: 00 | Addr: 1001 | Write Enable: 0 | Slave1 Select: 0 | Slave2 Select: 0 | Slave3 Select: 0
Time: 3875000 | Master Din: 00 | Addr: 0000 | Write Enable: 0 | Slave1 Select: 0 | Slave2 Select: 0 | Slave3 Select: 0
Time: 3895000 | Master Din: a5 | Addr: 0000 | Write Enable: 0 | Slave1 Select: 1 | Slave2 Select: 0 | Slave3 Select: 0
Time: 3915000 | Master Din: 00 | Addr: 0000 | Write Enable: 0 | Slave1 Select: 0 | Slave2 Select: 0 | Slave3 Select: 0
Time: 3945000 | Master Din: 00 | Addr: 0001 | Write Enable: 1 | Slave1 Select: 0 | Slave2 Select: 0 | Slave3 Select: 0
Time: 3965000 | Master Din: a5 | Addr: 0001 | Write Enable: 1 | Slave1 Select: 1 | Slave2 Select: 0 | Slave3 Select: 0
Time: 3985000 | Master Din: 00 | Addr: 0001 | Write Enable: 0 | Slave1 Select: 0 | Slave2 Select: 0 | Slave3 Select: 0
Time: 4015000 | Master Din: 00 | Addr: 0100 | Write Enable: 0 | Slave1 Select: 0 | Slave2 Select: 0 | Slave3 Select: 0
Time: 4035000 | Master Din: a5 | Addr: 0100 | Write Enable: 0 | Slave1 Select: 0 | Slave2 Select: 1 | Slave3 Select: 0
Time: 4055000 | Master Din: 00 | Addr: 0100 | Write Enable: 0 | Slave1 Select: 0 | Slave2 Select: 0 | Slave3 Select: 0
Time: 4085000 | Master Din: 00 | Addr: 0101 | Write Enable: 1 | Slave1 Select: 0 | Slave2 Select: 0 | Slave3 Select: 0
Time: 4105000 | Master Din: a5 | Addr: 0101 | Write Enable: 1 | Slave1 Select: 0 | Slave2 Select: 1 | Slave3 Select: 0
Time: 4125000 | Master Din: 00 | Addr: 0101 | Write Enable: 0 | Slave1 Select: 0 | Slave2 Select: 0 | Slave3 Select: 0
Time: 4155000 | Master Din: 00 | Addr: 1000 | Write Enable: 0 | Slave1 Select: 0 | Slave2 Select: 0 | Slave3 Select: 0
Time: 4175000 | Master Din: a5 | Addr: 1000 | Write Enable: 0 | Slave1 Select: 0 | Slave2 Select: 0 | Slave3 Select: 1
Time: 4195000 | Master Din: 00 | Addr: 1000 | Write Enable: 0 | Slave1 Select: 0 | Slave2 Select: 0 | Slave3 Select: 0
Time: 4225000 | Master Din: 00 | Addr: 1001 | Write Enable: 1 | Slave1 Select: 0 | Slave2 Select: 0 | Slave3 Select: 0
Time: 4245000 | Master Din: a5 | Addr: 1001 | Write Enable: 1 | Slave1 Select: 0 | Slave2 Select: 0 | Slave3 Select: 1
Time: 4265000 | Master Din: 00 | Addr: 1001 | Write Enable: 0 | Slave1 Select: 0 | Slave2 Select: 0 | Slave3 Select: 0
Time: 4355000 | Master Din: 00 | Addr: 0000 | Write Enable: 0 | Slave1 Select: 0 | Slave2 Select: 0 | Slave3 Select: 0
Time: 4375000 | Master Din: a5 | Addr: 0000 | Write Enable: 0 | Slave1 Select: 1 | Slave2 Select: 0 | Slave3 Select: 0
Time: 4395000 | Master Din: 00 | Addr: 0000 | Write Enable: 0 | Slave1 Select: 0 | Slave2 Select: 0 | Slave3 Select: 0
Time: 4425000 | Master Din: 00 | Addr: 0001 | Write Enable: 1 | Slave1 Select: 0 | Slave2 Select: 0 | Slave3 Select: 0
Time: 4445000 | Master Din: a5 | Addr: 0001 | Write Enable: 1 | Slave1 Select: 1 | Slave2 Select: 0 | Slave3 Select: 0
Time: 4465000 | Master Din: 00 | Addr: 0001 | Write Enable: 0 | Slave1 Select: 0 | Slave2 Select: 0 | Slave3 Select: 0
Time: 4495000 | Master Din: 00 | Addr: 0100 | Write Enable: 0 | Slave1 Select: 0 | Slave2 Select: 0 | Slave3 Select: 0
Time: 4515000 | Master Din: a5 | Addr: 0100 | Write Enable: 0 | Slave1 Select: 0 | Slave2 Select: 1 | Slave3 Select: 0
Time: 4535000 | Master Din: 00 | Addr: 0100 | Write Enable: 0 | Slave1 Select: 0 | Slave2 Select: 0 | Slave3 Select: 0
Time: 4565000 | Master Din: 00 | Addr: 0101 | Write Enable: 1 | Slave1 Select: 0 | Slave2 Select: 0 | Slave3 Select: 0
Time: 4585000 | Master Din: a5 | Addr: 0101 | Write Enable: 1 | Slave1 Select: 0 | Slave2 Select: 1 | Slave3 Select: 0
Time: 4605000 | Master Din: 00 | Addr: 0101 | Write Enable: 0 | Slave1 Select: 0 | Slave2 Select: 0 | Slave3 Select: 0
Time: 4635000 | Master Din: 00 | Addr: 1000 | Write Enable: 0 | Slave1 Select: 0 | Slave2 Select: 0 | Slave3 Select: 0
Time: 4655000 | Master Din: a5 | Addr: 1000 | Write Enable: 0 | Slave1 Select: 0 | Slave2 Select: 0 | Slave3 Select: 1
Time: 4675000 | Master Din: 00 | Addr: 1000 | Write Enable: 0 | Slave1 Select: 0 | Slave2 Select: 0 | Slave3 Select: 0
Time: 4705000 | Master Din: 00 | Addr: 1001 | Write Enable: 1 | Slave1 Select: 0 | Slave2 Select: 0 | Slave3 Select: 0
Time: 4725000 | Master Din: a5 | Addr: 1001 | Write Enable: 1 | Slave1 Select: 0 | Slave2 Select: 0 | Slave3 Select: 1
Time: 4745000 | Master Din: 00 | Addr: 1001 | Write Enable: 0 | Slave1 Select: 0 | Slave2 Select: 0 | Slave3 Select: 0
Time: 4835000 | Master Din: 00 | Addr: 0000 | Write Enable: 0 | Slave1 Select: 0 | Slave2 Select: 0 | Slave3 Select: 0
Time: 4855000 | Master Din: a5 | Addr: 0000 | Write Enable: 0 | Slave1 Select: 1 | Slave2 Select: 0 | Slave3 Select: 0
Time: 4875000 | Master Din: 00 | Addr: 0000 | Write Enable: 0 | Slave1 Select: 0 | Slave2 Select: 0 | Slave3 Select: 0
Time: 4905000 | Master Din: 00 | Addr: 0001 | Write Enable: 1 | Slave1 Select: 0 | Slave2 Select: 0 | Slave3 Select: 0
Time: 4925000 | Master Din: a5 | Addr: 0001 | Write Enable: 1 | Slave1 Select: 1 | Slave2 Select: 0 | Slave3 Select: 0
Time: 4945000 | Master Din: 00 | Addr: 0001 | Write Enable: 0 | Slave1 Select: 0 | Slave2 Select: 0 | Slave3 Select: 0
Time: 4975000 | Master Din: 00 | Addr: 0100 | Write Enable: 0 | Slave1 Select: 0 | Slave2 Select: 0 | Slave3 Select: 0
Time: 4995000 | Master Din: a5 | Addr: 0100 | Write Enable: 0 | Slave1 Select: 0 | Slave2 Select: 1 | Slave3 Select: 0
Time: 5015000 | Master Din: 00 | Addr: 0100 | Write Enable: 0 | Slave1 Select: 0 | Slave2 Select: 0 | Slave3 Select: 0
Time: 5045000 | Master Din: 00 | Addr: 0101 | Write Enable: 1 | Slave1 Select: 0 | Slave2 Select: 0 | Slave3 Select: 0
Time: 5065000 | Master Din: a5 | Addr: 0101 | Write Enable: 1 | Slave1 Select: 0 | Slave2 Select: 1 | Slave3 Select: 0
Time: 5085000 | Master Din: 00 | Addr: 0101 | Write Enable: 0 | Slave1 Select: 0 | Slave2 Select: 0 | Slave3 Select: 0
Time: 5115000 | Master Din: 00 | Addr: 1000 | Write Enable: 0 | Slave1 Select: 0 | Slave2 Select: 0 | Slave3 Select: 0
Time: 5135000 | Master Din: a5 | Addr: 1000 | Write Enable: 0 | Slave1 Select: 0 | Slave2 Select: 0 | Slave3 Select: 1
Time: 5155000 | Master Din: 00 | Addr: 1000 | Write Enable: 0 | Slave1 Select: 0 | Slave2 Select: 0 | Slave3 Select: 0
Time: 5185000 | Master Din: 00 | Addr: 1001 | Write Enable: 1 | Slave1 Select: 0 | Slave2 Select: 0 | Slave3 Select: 0
Time: 5205000 | Master Din: a5 | Addr: 1001 | Write Enable: 1 | Slave1 Select: 0 | Slave2 Select: 0 | Slave3 Select: 1
Time: 5225000 | Master Din: 00 | Addr: 1001 | Write Enable: 0 | Slave1 Select: 0 | Slave2 Select: 0 | Slave3 Select: 0
Time: 5315000 | Master Din: 00 | Addr: 0000 | Write Enable: 0 | Slave1 Select: 0 | Slave2 Select: 0 | Slave3 Select: 0
Time: 5335000 | Master Din: a5 | Addr: 0000 | Write Enable: 0 | Slave1 Select: 1 | Slave2 Select: 0 | Slave3 Select: 0
Time: 5355000 | Master Din: 00 | Addr: 0000 | Write Enable: 0 | Slave1 Select: 0 | Slave2 Select: 0 | Slave3 Select: 0
Time: 5385000 | Master Din: 00 | Addr: 0001 | Write Enable: 1 | Slave1 Select: 0 | Slave2 Select: 0 | Slave3 Select: 0
Time: 5405000 | Master Din: a5 | Addr: 0001 | Write Enable: 1 | Slave1 Select: 1 | Slave2 Select: 0 | Slave3 Select: 0
Time: 5425000 | Master Din: 00 | Addr: 0001 | Write Enable: 0 | Slave1 Select: 0 | Slave2 Select: 0 | Slave3 Select: 0
Time: 5455000 | Master Din: 00 | Addr: 0100 | Write Enable: 0 | Slave1 Select: 0 | Slave2 Select: 0 | Slave3 Select: 0
Time: 5475000 | Master Din: a5 | Addr: 0100 | Write Enable: 0 | Slave1 Select: 0 | Slave2 Select: 1 | Slave3 Select: 0
Time: 5495000 | Master Din: 00 | Addr: 0100 | Write Enable: 0 | Slave1 Select: 0 | Slave2 Select: 0 | Slave3 Select: 0
Time: 5525000 | Master Din: 00 | Addr: 0101 | Write Enable: 1 | Slave1 Select: 0 | Slave2 Select: 0 | Slave3 Select: 0
Time: 5545000 | Master Din: a5 | Addr: 0101 | Write Enable: 1 | Slave1 Select: 0 | Slave2 Select: 1 | Slave3 Select: 0
Time: 5565000 | Master Din: 00 | Addr: 0101 | Write Enable: 0 | Slave1 Select: 0 | Slave2 Select: 0 | Slave3 Select: 0
Time: 5595000 | Master Din: 00 | Addr: 1000 | Write Enable: 0 | Slave1 Select: 0 | Slave2 Select: 0 | Slave3 Select: 0
Time: 5615000 | Master Din: a5 | Addr: 1000 | Write Enable: 0 | Slave1 Select: 0 | Slave2 Select: 0 | Slave3 Select: 1
Time: 5635000 | Master Din: 00 | Addr: 1000 | Write Enable: 0 | Slave1 Select: 0 | Slave2 Select: 0 | Slave3 Select: 0
Time: 5665000 | Master Din: 00 | Addr: 1001 | Write Enable: 1 | Slave1 Select: 0 | Slave2 Select: 0 | Slave3 Select: 0
Time: 5685000 | Master Din: a5 | Addr: 1001 | Write Enable: 1 | Slave1 Select: 0 | Slave2 Select: 0 | Slave3 Select: 1
Time: 5705000 | Master Din: 00 | Addr: 1001 | Write Enable: 0 | Slave1 Select: 0 | Slave2 Select: 0 | Slave3 Select: 0
Time: 5795000 | Master Din: 00 | Addr: 0000 | Write Enable: 0 | Slave1 Select: 0 | Slave2 Select: 0 | Slave3 Select: 0
Time: 5815000 | Master Din: a5 | Addr: 0000 | Write Enable: 0 | Slave1 Select: 1 | Slave2 Select: 0 | Slave3 Select: 0
Time: 5835000 | Master Din: 00 | Addr: 0000 | Write Enable: 0 | Slave1 Select: 0 | Slave2 Select: 0 | Slave3 Select: 0
Time: 5865000 | Master Din: 00 | Addr: 0001 | Write Enable: 1 | Slave1 Select: 0 | Slave2 Select: 0 | Slave3 Select: 0
Time: 5885000 | Master Din: a5 | Addr: 0001 | Write Enable: 1 | Slave1 Select: 1 | Slave2 Select: 0 | Slave3 Select: 0
Time: 5905000 | Master Din: 00 | Addr: 0001 | Write Enable: 0 | Slave1 Select: 0 | Slave2 Select: 0 | Slave3 Select: 0
Time: 5935000 | Master Din: 00 | Addr: 0100 | Write Enable: 0 | Slave1 Select: 0 | Slave2 Select: 0 | Slave3 Select: 0
Time: 5955000 | Master Din: a5 | Addr: 0100 | Write Enable: 0 | Slave1 Select: 0 | Slave2 Select: 1 | Slave3 Select: 0
Time: 5975000 | Master Din: 00 | Addr: 0100 | Write Enable: 0 | Slave1 Select: 0 | Slave2 Select: 0 | Slave3 Select: 0
Time: 6005000 | Master Din: 00 | Addr: 0101 | Write Enable: 1 | Slave1 Select: 0 | Slave2 Select: 0 | Slave3 Select: 0
Time: 6025000 | Master Din: a5 | Addr: 0101 | Write Enable: 1 | Slave1 Select: 0 | Slave2 Select: 1 | Slave3 Select: 0
Time: 6045000 | Master Din: 00 | Addr: 0101 | Write Enable: 0 | Slave1 Select: 0 | Slave2 Select: 0 | Slave3 Select: 0
Time: 6075000 | Master Din: 00 | Addr: 1000 | Write Enable: 0 | Slave1 Select: 0 | Slave2 Select: 0 | Slave3 Select: 0
Time: 6095000 | Master Din: a5 | Addr: 1000 | Write Enable: 0 | Slave1 Select: 0 | Slave2 Select: 0 | Slave3 Select: 1
Time: 6115000 | Master Din: 00 | Addr: 1000 | Write Enable: 0 | Slave1 Select: 0 | Slave2 Select: 0 | Slave3 Select: 0
Time: 6145000 | Master Din: 00 | Addr: 1001 | Write Enable: 1 | Slave1 Select: 0 | Slave2 Select: 0 | Slave3 Select: 0
Time: 6165000 | Master Din: a5 | Addr: 1001 | Write Enable: 1 | Slave1 Select: 0 | Slave2 Select: 0 | Slave3 Select: 1
Time: 6185000 | Master Din: 00 | Addr: 1001 | Write Enable: 0 | Slave1 Select: 0 | Slave2 Select: 0 | Slave3 Select: 0
Time: 6275000 | Master Din: 00 | Addr: 0000 | Write Enable: 0 | Slave1 Select: 0 | Slave2 Select: 0 | Slave3 Select: 0
Time: 6295000 | Master Din: a5 | Addr: 0000 | Write Enable: 0 | Slave1 Select: 1 | Slave2 Select: 0 | Slave3 Select: 0
Time: 6315000 | Master Din: 00 | Addr: 0000 | Write Enable: 0 | Slave1 Select: 0 | Slave2 Select: 0 | Slave3 Select: 0
Time: 6345000 | Master Din: 00 | Addr: 0001 | Write Enable: 1 | Slave1 Select: 0 | Slave2 Select: 0 | Slave3 Select: 0
Time: 6365000 | Master Din: a5 | Addr: 0001 | Write Enable: 1 | Slave1 Select: 1 | Slave2 Select: 0 | Slave3 Select: 0
Time: 6385000 | Master Din: 00 | Addr: 0001 | Write Enable: 0 | Slave1 Select: 0 | Slave2 Select: 0 | Slave3 Select: 0
Time: 6415000 | Master Din: 00 | Addr: 0100 | Write Enable: 0 | Slave1 Select: 0 | Slave2 Select: 0 | Slave3 Select: 0
Time: 6435000 | Master Din: a5 | Addr: 0100 | Write Enable: 0 | Slave1 Select: 0 | Slave2 Select: 1 | Slave3 Select: 0
Time: 6455000 | Master Din: 00 | Addr: 0100 | Write Enable: 0 | Slave1 Select: 0 | Slave2 Select: 0 | Slave3 Select: 0
Time: 6485000 | Master Din: 00 | Addr: 0101 | Write Enable: 1 | Slave1 Select: 0 | Slave2 Select: 0 | Slave3 Select: 0
Time: 6505000 | Master Din: a5 | Addr: 0101 | Write Enable: 1 | Slave1 Select: 0 | Slave2 Select: 1 | Slave3 Select: 0
Time: 6525000 | Master Din: 00 | Addr: 0101 | Write Enable: 0 | Slave1 Select: 0 | Slave2 Select: 0 | Slave3 Select: 0
Time: 6555000 | Master Din: 00 | Addr: 1000 | Write Enable: 0 | Slave1 Select: 0 | Slave2 Select: 0 | Slave3 Select: 0
Time: 6575000 | Master Din: a5 | Addr: 1000 | Write Enable: 0 | Slave1 Select: 0 | Slave2 Select: 0 | Slave3 Select: 1
Time: 6595000 | Master Din: 00 | Addr: 1000 | Write Enable: 0 | Slave1 Select: 0 | Slave2 Select: 0 | Slave3 Select: 0
Time: 6625000 | Master Din: 00 | Addr: 1001 | Write Enable: 1 | Slave1 Select: 0 | Slave2 Select: 0 | Slave3 Select: 0
Time: 6645000 | Master Din: a5 | Addr: 1001 | Write Enable: 1 | Slave1 Select: 0 | Slave2 Select: 0 | Slave3 Select: 1
Time: 6665000 | Master Din: 00 | Addr: 1001 | Write Enable: 0 | Slave1 Select: 0 | Slave2 Select: 0 | Slave3 Select: 0
Time: 6755000 | Master Din: 00 | Addr: 0000 | Write Enable: 0 | Slave1 Select: 0 | Slave2 Select: 0 | Slave3 Select: 0
Time: 6775000 | Master Din: a5 | Addr: 0000 | Write Enable: 0 | Slave1 Select: 1 | Slave2 Select: 0 | Slave3 Select: 0
Time: 6795000 | Master Din: 00 | Addr: 0000 | Write Enable: 0 | Slave1 Select: 0 | Slave2 Select: 0 | Slave3 Select: 0
Time: 6825000 | Master Din: 00 | Addr: 0001 | Write Enable: 1 | Slave1 Select: 0 | Slave2 Select: 0 | Slave3 Select: 0
Time: 6845000 | Master Din: a5 | Addr: 0001 | Write Enable: 1 | Slave1 Select: 1 | Slave2 Select: 0 | Slave3 Select: 0
Time: 6865000 | Master Din: 00 | Addr: 0001 | Write Enable: 0 | Slave1 Select: 0 | Slave2 Select: 0 | Slave3 Select: 0
Time: 6895000 | Master Din: 00 | Addr: 0100 | Write Enable: 0 | Slave1 Select: 0 | Slave2 Select: 0 | Slave3 Select: 0
Time: 6915000 | Master Din: a5 | Addr: 0100 | Write Enable: 0 | Slave1 Select: 0 | Slave2 Select: 1 | Slave3 Select: 0
Time: 6935000 | Master Din: 00 | Addr: 0100 | Write Enable: 0 | Slave1 Select: 0 | Slave2 Select: 0 | Slave3 Select: 0
Time: 6965000 | Master Din: 00 | Addr: 0101 | Write Enable: 1 | Slave1 Select: 0 | Slave2 Select: 0 | Slave3 Select: 0
Time: 6985000 | Master Din: a5 | Addr: 0101 | Write Enable: 1 | Slave1 Select: 0 | Slave2 Select: 1 | Slave3 Select: 0
Time: 7005000 | Master Din: 00 | Addr: 0101 | Write Enable: 0 | Slave1 Select: 0 | Slave2 Select: 0 | Slave3 Select: 0
Time: 7035000 | Master Din: 00 | Addr: 1000 | Write Enable: 0 | Slave1 Select: 0 | Slave2 Select: 0 | Slave3 Select: 0
Time: 7055000 | Master Din: a5 | Addr: 1000 | Write Enable: 0 | Slave1 Select: 0 | Slave2 Select: 0 | Slave3 Select: 1
Time: 7075000 | Master Din: 00 | Addr: 1000 | Write Enable: 0 | Slave1 Select: 0 | Slave2 Select: 0 | Slave3 Select: 0
Time: 7105000 | Master Din: 00 | Addr: 1001 | Write Enable: 1 | Slave1 Select: 0 | Slave2 Select: 0 | Slave3 Select: 0
Time: 7125000 | Master Din: a5 | Addr: 1001 | Write Enable: 1 | Slave1 Select: 0 | Slave2 Select: 0 | Slave3 Select: 1
Time: 7145000 | Master Din: 00 | Addr: 1001 | Write Enable: 0 | Slave1 Select: 0 | Slave2 Select: 0 | Slave3 Select: 0
Time: 7235000 | Master Din: 00 | Addr: 0000 | Write Enable: 0 | Slave1 Select: 0 | Slave2 Select: 0 | Slave3 Select: 0
Time: 7255000 | Master Din: a5 | Addr: 0000 | Write Enable: 0 | Slave1 Select: 1 | Slave2 Select: 0 | Slave3 Select: 0
Time: 7275000 | Master Din: 00 | Addr: 0000 | Write Enable: 0 | Slave1 Select: 0 | Slave2 Select: 0 | Slave3 Select: 0
Time: 7305000 | Master Din: 00 | Addr: 0001 | Write Enable: 1 | Slave1 Select: 0 | Slave2 Select: 0 | Slave3 Select: 0
Time: 7325000 | Master Din: a5 | Addr: 0001 | Write Enable: 1 | Slave1 Select: 1 | Slave2 Select: 0 | Slave3 Select: 0
Time: 7345000 | Master Din: 00 | Addr: 0001 | Write Enable: 0 | Slave1 Select: 0 | Slave2 Select: 0 | Slave3 Select: 0
Time: 7375000 | Master Din: 00 | Addr: 0100 | Write Enable: 0 | Slave1 Select: 0 | Slave2 Select: 0 | Slave3 Select: 0
Time: 7395000 | Master Din: a5 | Addr: 0100 | Write Enable: 0 | Slave1 Select: 0 | Slave2 Select: 1 | Slave3 Select: 0
Time: 7415000 | Master Din: 00 | Addr: 0100 | Write Enable: 0 | Slave1 Select: 0 | Slave2 Select: 0 | Slave3 Select: 0
Time: 7445000 | Master Din: 00 | Addr: 0101 | Write Enable: 1 | Slave1 Select: 0 | Slave2 Select: 0 | Slave3 Select: 0
Time: 7465000 | Master Din: a5 | Addr: 0101 | Write Enable: 1 | Slave1 Select: 0 | Slave2 Select: 1 | Slave3 Select: 0
Time: 7485000 | Master Din: 00 | Addr: 0101 | Write Enable: 0 | Slave1 Select: 0 | Slave2 Select: 0 | Slave3 Select: 0
Time: 7515000 | Master Din: 00 | Addr: 1000 | Write Enable: 0 | Slave1 Select: 0 | Slave2 Select: 0 | Slave3 Select: 0
Time: 7535000 | Master Din: a5 | Addr: 1000 | Write Enable: 0 | Slave1 Select: 0 | Slave2 Select: 0 | Slave3 Select: 1
Time: 7555000 | Master Din: 00 | Addr: 1000 | Write Enable: 0 | Slave1 Select: 0 | Slave2 Select: 0 | Slave3 Select: 0
Time: 7585000 | Master Din: 00 | Addr: 1001 | Write Enable: 1 | Slave1 Select: 0 | Slave2 Select: 0 | Slave3 Select: 0
Time: 7605000 | Master Din: a5 | Addr: 1001 | Write Enable: 1 | Slave1 Select: 0 | Slave2 Select: 0 | Slave3 Select: 1
Time: 7625000 | Master Din: 00 | Addr: 1001 | Write Enable: 0 | Slave1 Select: 0 | Slave2 Select: 0 | Slave3 Select: 0
Time: 7715000 | Master Din: 00 | Addr: 0000 | Write Enable: 0 | Slave1 Select: 0 | Slave2 Select: 0 | Slave3 Select: 0
Time: 7735000 | Master Din: a5 | Addr: 0000 | Write Enable: 0 | Slave1 Select: 1 | Slave2 Select: 0 | Slave3 Select: 0
Time: 7755000 | Master Din: 00 | Addr: 0000 | Write Enable: 0 | Slave1 Select: 0 | Slave2 Select: 0 | Slave3 Select: 0
Time: 7785000 | Master Din: 00 | Addr: 0001 | Write Enable: 1 | Slave1 Select: 0 | Slave2 Select: 0 | Slave3 Select: 0
Time: 7805000 | Master Din: a5 | Addr: 0001 | Write Enable: 1 | Slave1 Select: 1 | Slave2 Select: 0 | Slave3 Select: 0
Time: 7825000 | Master Din: 00 | Addr: 0001 | Write Enable: 0 | Slave1 Select: 0 | Slave2 Select: 0 | Slave3 Select: 0
Time: 7855000 | Master Din: 00 | Addr: 0100 | Write Enable: 0 | Slave1 Select: 0 | Slave2 Select: 0 | Slave3 Select: 0
Time: 7875000 | Master Din: a5 | Addr: 0100 | Write Enable: 0 | Slave1 Select: 0 | Slave2 Select: 1 | Slave3 Select: 0
Time: 7895000 | Master Din: 00 | Addr: 0100 | Write Enable: 0 | Slave1 Select: 0 | Slave2 Select: 0 | Slave3 Select: 0
Time: 7925000 | Master Din: 00 | Addr: 0101 | Write Enable: 1 | Slave1 Select: 0 | Slave2 Select: 0 | Slave3 Select: 0
Time: 7945000 | Master Din: a5 | Addr: 0101 | Write Enable: 1 | Slave1 Select: 0 | Slave2 Select: 1 | Slave3 Select: 0
Time: 7965000 | Master Din: 00 | Addr: 0101 | Write Enable: 0 | Slave1 Select: 0 | Slave2 Select: 0 | Slave3 Select: 0
Time: 7995000 | Master Din: 00 | Addr: 1000 | Write Enable: 0 | Slave1 Select: 0 | Slave2 Select: 0 | Slave3 Select: 0
Time: 8015000 | Master Din: a5 | Addr: 1000 | Write Enable: 0 | Slave1 Select: 0 | Slave2 Select: 0 | Slave3 Select: 1
Time: 8035000 | Master Din: 00 | Addr: 1000 | Write Enable: 0 | Slave1 Select: 0 | Slave2 Select: 0 | Slave3 Select: 0
Time: 8065000 | Master Din: 00 | Addr: 1001 | Write Enable: 1 | Slave1 Select: 0 | Slave2 Select: 0 | Slave3 Select: 0
Time: 8085000 | Master Din: a5 | Addr: 1001 | Write Enable: 1 | Slave1 Select: 0 | Slave2 Select: 0 | Slave3 Select: 1
Time: 8105000 | Master Din: 00 | Addr: 1001 | Write Enable: 0 | Slave1 Select: 0 | Slave2 Select: 0 | Slave3 Select: 0
Time: 8195000 | Master Din: 00 | Addr: 0000 | Write Enable: 0 | Slave1 Select: 0 | Slave2 Select: 0 | Slave3 Select: 0
Time: 8215000 | Master Din: a5 | Addr: 0000 | Write Enable: 0 | Slave1 Select: 1 | Slave2 Select: 0 | Slave3 Select: 0
Time: 8235000 | Master Din: 00 | Addr: 0000 | Write Enable: 0 | Slave1 Select: 0 | Slave2 Select: 0 | Slave3 Select: 0
Time: 8265000 | Master Din: 00 | Addr: 0001 | Write Enable: 1 | Slave1 Select: 0 | Slave2 Select: 0 | Slave3 Select: 0
Time: 8285000 | Master Din: a5 | Addr: 0001 | Write Enable: 1 | Slave1 Select: 1 | Slave2 Select: 0 | Slave3 Select: 0
Time: 8305000 | Master Din: 00 | Addr: 0001 | Write Enable: 0 | Slave1 Select: 0 | Slave2 Select: 0 | Slave3 Select: 0
Time: 8335000 | Master Din: 00 | Addr: 0100 | Write Enable: 0 | Slave1 Select: 0 | Slave2 Select: 0 | Slave3 Select: 0
Time: 8355000 | Master Din: a5 | Addr: 0100 | Write Enable: 0 | Slave1 Select: 0 | Slave2 Select: 1 | Slave3 Select: 0
Time: 8375000 | Master Din: 00 | Addr: 0100 | Write Enable: 0 | Slave1 Select: 0 | Slave2 Select: 0 | Slave3 Select: 0
Time: 8405000 | Master Din: 00 | Addr: 0101 | Write Enable: 1 | Slave1 Select: 0 | Slave2 Select: 0 | Slave3 Select: 0
Time: 8425000 | Master Din: a5 | Addr: 0101 | Write Enable: 1 | Slave1 Select: 0 | Slave2 Select: 1 | Slave3 Select: 0
Time: 8445000 | Master Din: 00 | Addr: 0101 | Write Enable: 0 | Slave1 Select: 0 | Slave2 Select: 0 | Slave3 Select: 0
Time: 8475000 | Master Din: 00 | Addr: 1000 | Write Enable: 0 | Slave1 Select: 0 | Slave2 Select: 0 | Slave3 Select: 0
Time: 8495000 | Master Din: a5 | Addr: 1000 | Write Enable: 0 | Slave1 Select: 0 | Slave2 Select: 0 | Slave3 Select: 1
Time: 8515000 | Master Din: 00 | Addr: 1000 | Write Enable: 0 | Slave1 Select: 0 | Slave2 Select: 0 | Slave3 Select: 0
Time: 8545000 | Master Din: 00 | Addr: 1001 | Write Enable: 1 | Slave1 Select: 0 | Slave2 Select: 0 | Slave3 Select: 0
Time: 8565000 | Master Din: a5 | Addr: 1001 | Write Enable: 1 | Slave1 Select: 0 | Slave2 Select: 0 | Slave3 Select: 1
Time: 8585000 | Master Din: 00 | Addr: 1001 | Write Enable: 0 | Slave1 Select: 0 | Slave2 Select: 0 | Slave3 Select: 0
Time: 8675000 | Master Din: 00 | Addr: 0000 | Write Enable: 0 | Slave1 Select: 0 | Slave2 Select: 0 | Slave3 Select: 0
Time: 8695000 | Master Din: a5 | Addr: 0000 | Write Enable: 0 | Slave1 Select: 1 | Slave2 Select: 0 | Slave3 Select: 0
Time: 8715000 | Master Din: 00 | Addr: 0000 | Write Enable: 0 | Slave1 Select: 0 | Slave2 Select: 0 | Slave3 Select: 0
Time: 8745000 | Master Din: 00 | Addr: 0001 | Write Enable: 1 | Slave1 Select: 0 | Slave2 Select: 0 | Slave3 Select: 0
Time: 8765000 | Master Din: a5 | Addr: 0001 | Write Enable: 1 | Slave1 Select: 1 | Slave2 Select: 0 | Slave3 Select: 0
Time: 8785000 | Master Din: 00 | Addr: 0001 | Write Enable: 0 | Slave1 Select: 0 | Slave2 Select: 0 | Slave3 Select: 0
Time: 8815000 | Master Din: 00 | Addr: 0100 | Write Enable: 0 | Slave1 Select: 0 | Slave2 Select: 0 | Slave3 Select: 0
Time: 8835000 | Master Din: a5 | Addr: 0100 | Write Enable: 0 | Slave1 Select: 0 | Slave2 Select: 1 | Slave3 Select: 0
Time: 8855000 | Master Din: 00 | Addr: 0100 | Write Enable: 0 | Slave1 Select: 0 | Slave2 Select: 0 | Slave3 Select: 0
Time: 8885000 | Master Din: 00 | Addr: 0101 | Write Enable: 1 | Slave1 Select: 0 | Slave2 Select: 0 | Slave3 Select: 0
Time: 8905000 | Master Din: a5 | Addr: 0101 | Write Enable: 1 | Slave1 Select: 0 | Slave2 Select: 1 | Slave3 Select: 0
Time: 8925000 | Master Din: 00 | Addr: 0101 | Write Enable: 0 | Slave1 Select: 0 | Slave2 Select: 0 | Slave3 Select: 0
Time: 8955000 | Master Din: 00 | Addr: 1000 | Write Enable: 0 | Slave1 Select: 0 | Slave2 Select: 0 | Slave3 Select: 0
Time: 8975000 | Master Din: a5 | Addr: 1000 | Write Enable: 0 | Slave1 Select: 0 | Slave2 Select: 0 | Slave3 Select: 1
Time: 8995000 | Master Din: 00 | Addr: 1000 | Write Enable: 0 | Slave1 Select: 0 | Slave2 Select: 0 | Slave3 Select: 0
Time: 9025000 | Master Din: 00 | Addr: 1001 | Write Enable: 1 | Slave1 Select: 0 | Slave2 Select: 0 | Slave3 Select: 0
Time: 9045000 | Master Din: a5 | Addr: 1001 | Write Enable: 1 | Slave1 Select: 0 | Slave2 Select: 0 | Slave3 Select: 1
Time: 9065000 | Master Din: 00 | Addr: 1001 | Write Enable: 0 | Slave1 Select: 0 | Slave2 Select: 0 | Slave3 Select: 0
Time: 9155000 | Master Din: 00 | Addr: 0000 | Write Enable: 0 | Slave1 Select: 0 | Slave2 Select: 0 | Slave3 Select: 0
Time: 9175000 | Master Din: a5 | Addr: 0000 | Write Enable: 0 | Slave1 Select: 1 | Slave2 Select: 0 | Slave3 Select: 0
Time: 9195000 | Master Din: 00 | Addr: 0000 | Write Enable: 0 | Slave1 Select: 0 | Slave2 Select: 0 | Slave3 Select: 0
Time: 9225000 | Master Din: 00 | Addr: 0001 | Write Enable: 1 | Slave1 Select: 0 | Slave2 Select: 0 | Slave3 Select: 0
Time: 9245000 | Master Din: a5 | Addr: 0001 | Write Enable: 1 | Slave1 Select: 1 | Slave2 Select: 0 | Slave3 Select: 0
Time: 9265000 | Master Din: 00 | Addr: 0001 | Write Enable: 0 | Slave1 Select: 0 | Slave2 Select: 0 | Slave3 Select: 0
Time: 9295000 | Master Din: 00 | Addr: 0100 | Write Enable: 0 | Slave1 Select: 0 | Slave2 Select: 0 | Slave3 Select: 0
Time: 9315000 | Master Din: a5 | Addr: 0100 | Write Enable: 0 | Slave1 Select: 0 | Slave2 Select: 1 | Slave3 Select: 0
Time: 9335000 | Master Din: 00 | Addr: 0100 | Write Enable: 0 | Slave1 Select: 0 | Slave2 Select: 0 | Slave3 Select: 0
Time: 9365000 | Master Din: 00 | Addr: 0101 | Write Enable: 1 | Slave1 Select: 0 | Slave2 Select: 0 | Slave3 Select: 0
Time: 9385000 | Master Din: a5 | Addr: 0101 | Write Enable: 1 | Slave1 Select: 0 | Slave2 Select: 1 | Slave3 Select: 0
Time: 9405000 | Master Din: 00 | Addr: 0101 | Write Enable: 0 | Slave1 Select: 0 | Slave2 Select: 0 | Slave3 Select: 0
Time: 9435000 | Master Din: 00 | Addr: 1000 | Write Enable: 0 | Slave1 Select: 0 | Slave2 Select: 0 | Slave3 Select: 0
Time: 9455000 | Master Din: a5 | Addr: 1000 | Write Enable: 0 | Slave1 Select: 0 | Slave2 Select: 0 | Slave3 Select: 1
Time: 9475000 | Master Din: 00 | Addr: 1000 | Write Enable: 0 | Slave1 Select: 0 | Slave2 Select: 0 | Slave3 Select: 0
Time: 9505000 | Master Din: 00 | Addr: 1001 | Write Enable: 1 | Slave1 Select: 0 | Slave2 Select: 0 | Slave3 Select: 0
Time: 9525000 | Master Din: a5 | Addr: 1001 | Write Enable: 1 | Slave1 Select: 0 | Slave2 Select: 0 | Slave3 Select: 1
Time: 9545000 | Master Din: 00 | Addr: 1001 | Write Enable: 0 | Slave1 Select: 0 | Slave2 Select: 0 | Slave3 Select: 0
Time: 9635000 | Master Din: 00 | Addr: 0000 | Write Enable: 0 | Slave1 Select: 0 | Slave2 Select: 0 | Slave3 Select: 0
Time: 9655000 | Master Din: a5 | Addr: 0000 | Write Enable: 0 | Slave1 Select: 1 | Slave2 Select: 0 | Slave3 Select: 0
Time: 9675000 | Master Din: 00 | Addr: 0000 | Write Enable: 0 | Slave1 Select: 0 | Slave2 Select: 0 | Slave3 Select: 0
Time: 9705000 | Master Din: 00 | Addr: 0001 | Write Enable: 1 | Slave1 Select: 0 | Slave2 Select: 0 | Slave3 Select: 0
Time: 9725000 | Master Din: a5 | Addr: 0001 | Write Enable: 1 | Slave1 Select: 1 | Slave2 Select: 0 | Slave3 Select: 0
Time: 9745000 | Master Din: 00 | Addr: 0001 | Write Enable: 0 | Slave1 Select: 0 | Slave2 Select: 0 | Slave3 Select: 0
Time: 9775000 | Master Din: 00 | Addr: 0100 | Write Enable: 0 | Slave1 Select: 0 | Slave2 Select: 0 | Slave3 Select: 0
Time: 9795000 | Master Din: a5 | Addr: 0100 | Write Enable: 0 | Slave1 Select: 0 | Slave2 Select: 1 | Slave3 Select: 0
Time: 9815000 | Master Din: 00 | Addr: 0100 | Write Enable: 0 | Slave1 Select: 0 | Slave2 Select: 0 | Slave3 Select: 0
Time: 9845000 | Master Din: 00 | Addr: 0101 | Write Enable: 1 | Slave1 Select: 0 | Slave2 Select: 0 | Slave3 Select: 0
Time: 9865000 | Master Din: a5 | Addr: 0101 | Write Enable: 1 | Slave1 Select: 0 | Slave2 Select: 1 | Slave3 Select: 0
Time: 9885000 | Master Din: 00 | Addr: 0101 | Write Enable: 0 | Slave1 Select: 0 | Slave2 Select: 0 | Slave3 Select: 0
Time: 9915000 | Master Din: 00 | Addr: 1000 | Write Enable: 0 | Slave1 Select: 0 | Slave2 Select: 0 | Slave3 Select: 0
Time: 9935000 | Master Din: a5 | Addr: 1000 | Write Enable: 0 | Slave1 Select: 0 | Slave2 Select: 0 | Slave3 Select: 1
Time: 9955000 | Master Din: 00 | Addr: 1000 | Write Enable: 0 | Slave1 Select: 0 | Slave2 Select: 0 | Slave3 Select: 0
Time: 9985000 | Master Din: 00 | Addr: 1001 | Write Enable: 1 | Slave1 Select: 0 | Slave2 Select: 0 | Slave3 Select: 0
Time: 10005000 | Master Din: a5 | Addr: 1001 | Write Enable: 1 | Slave1 Select: 0 | Slave2 Select: 0 | Slave3 Select: 1
Time: 10025000 | Master Din: 00 | Addr: 1001 | Write Enable: 0 | Slave1 Select: 0 | Slave2 Select: 0 | Slave3 Select: 0
Time: 10115000 | Master Din: 00 | Addr: 0000 | Write Enable: 0 | Slave1 Select: 0 | Slave2 Select: 0 | Slave3 Select: 0
Time: 10135000 | Master Din: a5 | Addr: 0000 | Write Enable: 0 | Slave1 Select: 1 | Slave2 Select: 0 | Slave3 Select: 0
Time: 10155000 | Master Din: 00 | Addr: 0000 | Write Enable: 0 | Slave1 Select: 0 | Slave2 Select: 0 | Slave3 Select: 0
Time: 10185000 | Master Din: 00 | Addr: 0001 | Write Enable: 1 | Slave1 Select: 0 | Slave2 Select: 0 | Slave3 Select: 0
Time: 10205000 | Master Din: a5 | Addr: 0001 | Write Enable: 1 | Slave1 Select: 1 | Slave2 Select: 0 | Slave3 Select: 0
