Time resolution is 1 ps
Time: 0 | Master Din: 00 | Addr: 0000 | Write Enable: 0 | Slave1 Select: 0 | Slave2 Select: 0 | Slave3 Select: 0
Time: 35000 | Master Din: 00 | Addr: 0010 | Write Enable: 0 | Slave1 Select: 0 | Slave2 Select: 0 | Slave3 Select: 0
Time: 55000 | Master Din: 00 | Addr: 0010 | Write Enable: 0 | Slave1 Select: 1 | Slave2 Select: 0 | Slave3 Select: 0
Time: 75000 | Master Din: 00 | Addr: 0010 | Write Enable: 0 | Slave1 Select: 0 | Slave2 Select: 0 | Slave3 Select: 0
Time: 85000 | Master Din: 00 | Addr: 0011 | Write Enable: 0 | Slave1 Select: 1 | Slave2 Select: 0 | Slave3 Select: 0
Time: 95000 | Master Din: 00 | Addr: 0010 | Write Enable: 0 | Slave1 Select: 0 | Slave2 Select: 0 | Slave3 Select: 0
Time: 225000 | Master Din: 00 | Addr: 0010 | Write Enable: 0 | Slave1 Select: 1 | Slave2 Select: 0 | Slave3 Select: 0
Time: 235000 | Master Din: 5a | Addr: 0010 | Write Enable: 0 | Slave1 Select: 1 | Slave2 Select: 0 | Slave3 Select: 0
Time: 245000 | Master Din: 00 | Addr: 0011 | Write Enable: 0 | Slave1 Select: 1 | Slave2 Select: 0 | Slave3 Select: 0
Time: 265000 | Master Din: 00 | Addr: 0010 | Write Enable: 0 | Slave1 Select: 0 | Slave2 Select: 0 | Slave3 Select: 0
Time: 275000 | Master Din: 00 | Addr: 0001 | Write Enable: 1 | Slave1 Select: 0 | Slave2 Select: 0 | Slave3 Select: 0
Time: 295000 | Master Din: 00 | Addr: 0001 | Write Enable: 1 | Slave1 Select: 1 | Slave2 Select: 0 | Slave3 Select: 0
Time: 305000 | Master Din: 00 | Addr: 0001 | Write Enable: 1 | Slave1 Select: 0 | Slave2 Select: 0 | Slave3 Select: 0
Time: 415000 | Master Din: 00 | Addr: 0011 | Write Enable: 0 | Slave1 Select: 1 | Slave2 Select: 0 | Slave3 Select: 0
Time: 425000 | Master Din: a5 | Addr: 0011 | Write Enable: 0 | Slave1 Select: 1 | Slave2 Select: 0 | Slave3 Select: 0
Time: 435000 | Master Din: 00 | Addr: 0001 | Write Enable: 1 | Slave1 Select: 1 | Slave2 Select: 0 | Slave3 Select: 0
Time: 455000 | Master Din: 00 | Addr: 0001 | Write Enable: 0 | Slave1 Select: 0 | Slave2 Select: 0 | Slave3 Select: 0
Time: 485000 | Master Din: xx | Addr: 1001 | Write Enable: 1 | Slave1 Select: 0 | Slave2 Select: 0 | Slave3 Select: 1
Time: 505000 | Master Din: 00 | Addr: 0100 | Write Enable: 0 | Slave1 Select: 0 | Slave2 Select: 0 | Slave3 Select: 0
Time: 515000 | Master Din: xx | Addr: 0100 | Write Enable: 0 | Slave1 Select: 0 | Slave2 Select: 1 | Slave3 Select: 0
Time: 525000 | Master Din: a5 | Addr: 0100 | Write Enable: 0 | Slave1 Select: 0 | Slave2 Select: 1 | Slave3 Select: 0
Time: 535000 | Master Din: 00 | Addr: 0100 | Write Enable: 0 | Slave1 Select: 0 | Slave2 Select: 0 | Slave3 Select: 0
Time: 555000 | Master Din: xx | Addr: 1000 | Write Enable: 0 | Slave1 Select: 0 | Slave2 Select: 0 | Slave3 Select: 1
Time: 565000 | Master Din: a5 | Addr: 1000 | Write Enable: 0 | Slave1 Select: 0 | Slave2 Select: 0 | Slave3 Select: 1
Time: 575000 | Master Din: 00 | Addr: 0101 | Write Enable: 1 | Slave1 Select: 0 | Slave2 Select: 0 | Slave3 Select: 0
Time: 585000 | Master Din: a5 | Addr: 0101 | Write Enable: 1 | Slave1 Select: 0 | Slave2 Select: 1 | Slave3 Select: 0
Time: 605000 | Master Din: 00 | Addr: 0101 | Write Enable: 0 | Slave1 Select: 0 | Slave2 Select: 0 | Slave3 Select: 0
Time: 625000 | Master Din: a5 | Addr: 0101 | Write Enable: 1 | Slave1 Select: 0 | Slave2 Select: 1 | Slave3 Select: 0
Time: 645000 | Master Din: 00 | Addr: 1000 | Write Enable: 0 | Slave1 Select: 0 | Slave2 Select: 0 | Slave3 Select: 0
$finish called at time : 655 ns : File "C:/Users/Hansa Niluka/OneDrive - University of Moratuwa/semster 07/4.EN4021 - Advanced Digital Systems/Bus-Desingn/simple_bus_MMMS_with_SSP/simple_bus_MMMS_with_SSP.srcs/sources_1/new/tb_simple_bus_MMMS_SSS.v" Line 233
Time: 655000 | Master Din: a5 | Addr: 1000 | Write Enable: 0 | Slave1 Select: 0 | Slave2 Select: 0 | Slave3 Select: 1
Time: 675000 | Master Din: 00 | Addr: 1000 | Write Enable: 0 | Slave1 Select: 0 | Slave2 Select: 0 | Slave3 Select: 0
Time: 695000 | Master Din: a5 | Addr: 0100 | Write Enable: 0 | Slave1 Select: 0 | Slave2 Select: 1 | Slave3 Select: 0
Time: 715000 | Master Din: 00 | Addr: 1001 | Write Enable: 1 | Slave1 Select: 0 | Slave2 Select: 0 | Slave3 Select: 0
Time: 725000 | Master Din: a5 | Addr: 1001 | Write Enable: 1 | Slave1 Select: 0 | Slave2 Select: 0 | Slave3 Select: 1
Time: 745000 | Master Din: 00 | Addr: 1001 | Write Enable: 0 | Slave1 Select: 0 | Slave2 Select: 0 | Slave3 Select: 0
Time: 765000 | Master Din: 00 | Addr: 0001 | Write Enable: 1 | Slave1 Select: 1 | Slave2 Select: 0 | Slave3 Select: 0
Time: 785000 | Master Din: 00 | Addr: 1001 | Write Enable: 0 | Slave1 Select: 0 | Slave2 Select: 0 | Slave3 Select: 0
Time: 835000 | Master Din: 00 | Addr: 0000 | Write Enable: 0 | Slave1 Select: 1 | Slave2 Select: 0 | Slave3 Select: 0
Time: 845000 | Master Din: a5 | Addr: 0000 | Write Enable: 0 | Slave1 Select: 1 | Slave2 Select: 0 | Slave3 Select: 0
Time: 855000 | Master Din: 00 | Addr: 0010 | Write Enable: 0 | Slave1 Select: 0 | Slave2 Select: 0 | Slave3 Select: 0
Time: 865000 | Master Din: 00 | Addr: 0010 | Write Enable: 0 | Slave1 Select: 1 | Slave2 Select: 0 | Slave3 Select: 0
Time: 885000 | Master Din: 00 | Addr: 0010 | Write Enable: 0 | Slave1 Select: 0 | Slave2 Select: 0 | Slave3 Select: 0
Time: 935000 | Master Din: 00 | Addr: 0011 | Write Enable: 0 | Slave1 Select: 1 | Slave2 Select: 0 | Slave3 Select: 0
Time: 945000 | Master Din: 00 | Addr: 0010 | Write Enable: 0 | Slave1 Select: 0 | Slave2 Select: 0 | Slave3 Select: 0
Time: 1035000 | Master Din: 00 | Addr: 0010 | Write Enable: 0 | Slave1 Select: 1 | Slave2 Select: 0 | Slave3 Select: 0
Time: 1045000 | Master Din: 5a | Addr: 0010 | Write Enable: 0 | Slave1 Select: 1 | Slave2 Select: 0 | Slave3 Select: 0
Time: 1055000 | Master Din: 00 | Addr: 0011 | Write Enable: 0 | Slave1 Select: 1 | Slave2 Select: 0 | Slave3 Select: 0
Time: 1075000 | Master Din: 00 | Addr: 0010 | Write Enable: 0 | Slave1 Select: 0 | Slave2 Select: 0 | Slave3 Select: 0
Time: 1085000 | Master Din: 00 | Addr: 0001 | Write Enable: 1 | Slave1 Select: 0 | Slave2 Select: 0 | Slave3 Select: 0
Time: 1105000 | Master Din: 00 | Addr: 0001 | Write Enable: 1 | Slave1 Select: 1 | Slave2 Select: 0 | Slave3 Select: 0
Time: 1115000 | Master Din: 00 | Addr: 0001 | Write Enable: 1 | Slave1 Select: 0 | Slave2 Select: 0 | Slave3 Select: 0
Time: 1225000 | Master Din: 00 | Addr: 0011 | Write Enable: 0 | Slave1 Select: 1 | Slave2 Select: 0 | Slave3 Select: 0
Time: 1235000 | Master Din: a5 | Addr: 0011 | Write Enable: 0 | Slave1 Select: 1 | Slave2 Select: 0 | Slave3 Select: 0
Time: 1245000 | Master Din: 00 | Addr: 0001 | Write Enable: 1 | Slave1 Select: 1 | Slave2 Select: 0 | Slave3 Select: 0
Time: 1265000 | Master Din: 00 | Addr: 0001 | Write Enable: 0 | Slave1 Select: 0 | Slave2 Select: 0 | Slave3 Select: 0
Time: 1295000 | Master Din: a5 | Addr: 1001 | Write Enable: 1 | Slave1 Select: 0 | Slave2 Select: 0 | Slave3 Select: 1
Time: 1315000 | Master Din: 00 | Addr: 0100 | Write Enable: 0 | Slave1 Select: 0 | Slave2 Select: 0 | Slave3 Select: 0
Time: 1325000 | Master Din: a5 | Addr: 0100 | Write Enable: 0 | Slave1 Select: 0 | Slave2 Select: 1 | Slave3 Select: 0
Time: 1345000 | Master Din: 00 | Addr: 0100 | Write Enable: 0 | Slave1 Select: 0 | Slave2 Select: 0 | Slave3 Select: 0
Time: 1365000 | Master Din: a5 | Addr: 1000 | Write Enable: 0 | Slave1 Select: 0 | Slave2 Select: 0 | Slave3 Select: 1
Time: 1385000 | Master Din: 00 | Addr: 0101 | Write Enable: 1 | Slave1 Select: 0 | Slave2 Select: 0 | Slave3 Select: 0
Time: 1395000 | Master Din: a5 | Addr: 0101 | Write Enable: 1 | Slave1 Select: 0 | Slave2 Select: 1 | Slave3 Select: 0
Time: 1415000 | Master Din: 00 | Addr: 0101 | Write Enable: 0 | Slave1 Select: 0 | Slave2 Select: 0 | Slave3 Select: 0
Time: 1435000 | Master Din: a5 | Addr: 0101 | Write Enable: 1 | Slave1 Select: 0 | Slave2 Select: 1 | Slave3 Select: 0
Time: 1455000 | Master Din: 00 | Addr: 1000 | Write Enable: 0 | Slave1 Select: 0 | Slave2 Select: 0 | Slave3 Select: 0
Time: 1465000 | Master Din: a5 | Addr: 1000 | Write Enable: 0 | Slave1 Select: 0 | Slave2 Select: 0 | Slave3 Select: 1
Time: 1485000 | Master Din: 00 | Addr: 1000 | Write Enable: 0 | Slave1 Select: 0 | Slave2 Select: 0 | Slave3 Select: 0
Time: 1505000 | Master Din: a5 | Addr: 0100 | Write Enable: 0 | Slave1 Select: 0 | Slave2 Select: 1 | Slave3 Select: 0
Time: 1525000 | Master Din: 00 | Addr: 1001 | Write Enable: 1 | Slave1 Select: 0 | Slave2 Select: 0 | Slave3 Select: 0
Time: 1535000 | Master Din: a5 | Addr: 1001 | Write Enable: 1 | Slave1 Select: 0 | Slave2 Select: 0 | Slave3 Select: 1
Time: 1555000 | Master Din: 00 | Addr: 1001 | Write Enable: 0 | Slave1 Select: 0 | Slave2 Select: 0 | Slave3 Select: 0
Time: 1575000 | Master Din: 00 | Addr: 0001 | Write Enable: 1 | Slave1 Select: 1 | Slave2 Select: 0 | Slave3 Select: 0
Time: 1595000 | Master Din: 00 | Addr: 1001 | Write Enable: 0 | Slave1 Select: 0 | Slave2 Select: 0 | Slave3 Select: 0
Time: 1645000 | Master Din: 00 | Addr: 0000 | Write Enable: 0 | Slave1 Select: 1 | Slave2 Select: 0 | Slave3 Select: 0
Time: 1655000 | Master Din: a5 | Addr: 0000 | Write Enable: 0 | Slave1 Select: 1 | Slave2 Select: 0 | Slave3 Select: 0
Time: 1665000 | Master Din: 00 | Addr: 0010 | Write Enable: 0 | Slave1 Select: 0 | Slave2 Select: 0 | Slave3 Select: 0
Time: 1675000 | Master Din: 00 | Addr: 0010 | Write Enable: 0 | Slave1 Select: 1 | Slave2 Select: 0 | Slave3 Select: 0
Time: 1695000 | Master Din: 00 | Addr: 0010 | Write Enable: 0 | Slave1 Select: 0 | Slave2 Select: 0 | Slave3 Select: 0
Time: 1745000 | Master Din: 00 | Addr: 0011 | Write Enable: 0 | Slave1 Select: 1 | Slave2 Select: 0 | Slave3 Select: 0
Time: 1755000 | Master Din: 00 | Addr: 0010 | Write Enable: 0 | Slave1 Select: 0 | Slave2 Select: 0 | Slave3 Select: 0
Time: 1845000 | Master Din: 00 | Addr: 0010 | Write Enable: 0 | Slave1 Select: 1 | Slave2 Select: 0 | Slave3 Select: 0
Time: 1855000 | Master Din: 5a | Addr: 0010 | Write Enable: 0 | Slave1 Select: 1 | Slave2 Select: 0 | Slave3 Select: 0
Time: 1865000 | Master Din: 00 | Addr: 0011 | Write Enable: 0 | Slave1 Select: 1 | Slave2 Select: 0 | Slave3 Select: 0
Time: 1885000 | Master Din: 00 | Addr: 0010 | Write Enable: 0 | Slave1 Select: 0 | Slave2 Select: 0 | Slave3 Select: 0
Time: 1895000 | Master Din: 00 | Addr: 0001 | Write Enable: 1 | Slave1 Select: 0 | Slave2 Select: 0 | Slave3 Select: 0
Time: 1915000 | Master Din: 00 | Addr: 0001 | Write Enable: 1 | Slave1 Select: 1 | Slave2 Select: 0 | Slave3 Select: 0
Time: 1925000 | Master Din: 00 | Addr: 0001 | Write Enable: 1 | Slave1 Select: 0 | Slave2 Select: 0 | Slave3 Select: 0
Time: 2035000 | Master Din: 00 | Addr: 0011 | Write Enable: 0 | Slave1 Select: 1 | Slave2 Select: 0 | Slave3 Select: 0
Time: 2045000 | Master Din: a5 | Addr: 0011 | Write Enable: 0 | Slave1 Select: 1 | Slave2 Select: 0 | Slave3 Select: 0
Time: 2055000 | Master Din: 00 | Addr: 0001 | Write Enable: 1 | Slave1 Select: 1 | Slave2 Select: 0 | Slave3 Select: 0
Time: 2075000 | Master Din: 00 | Addr: 0001 | Write Enable: 0 | Slave1 Select: 0 | Slave2 Select: 0 | Slave3 Select: 0
Time: 2105000 | Master Din: a5 | Addr: 1001 | Write Enable: 1 | Slave1 Select: 0 | Slave2 Select: 0 | Slave3 Select: 1
Time: 2125000 | Master Din: 00 | Addr: 0100 | Write Enable: 0 | Slave1 Select: 0 | Slave2 Select: 0 | Slave3 Select: 0
Time: 2135000 | Master Din: a5 | Addr: 0100 | Write Enable: 0 | Slave1 Select: 0 | Slave2 Select: 1 | Slave3 Select: 0
Time: 2155000 | Master Din: 00 | Addr: 0100 | Write Enable: 0 | Slave1 Select: 0 | Slave2 Select: 0 | Slave3 Select: 0
Time: 2175000 | Master Din: a5 | Addr: 1000 | Write Enable: 0 | Slave1 Select: 0 | Slave2 Select: 0 | Slave3 Select: 1
Time: 2195000 | Master Din: 00 | Addr: 0101 | Write Enable: 1 | Slave1 Select: 0 | Slave2 Select: 0 | Slave3 Select: 0
Time: 2205000 | Master Din: a5 | Addr: 0101 | Write Enable: 1 | Slave1 Select: 0 | Slave2 Select: 1 | Slave3 Select: 0
Time: 2225000 | Master Din: 00 | Addr: 0101 | Write Enable: 0 | Slave1 Select: 0 | Slave2 Select: 0 | Slave3 Select: 0
Time: 2245000 | Master Din: a5 | Addr: 0101 | Write Enable: 1 | Slave1 Select: 0 | Slave2 Select: 1 | Slave3 Select: 0
Time: 2265000 | Master Din: 00 | Addr: 1000 | Write Enable: 0 | Slave1 Select: 0 | Slave2 Select: 0 | Slave3 Select: 0
Time: 2275000 | Master Din: a5 | Addr: 1000 | Write Enable: 0 | Slave1 Select: 0 | Slave2 Select: 0 | Slave3 Select: 1
Time: 2295000 | Master Din: 00 | Addr: 1000 | Write Enable: 0 | Slave1 Select: 0 | Slave2 Select: 0 | Slave3 Select: 0
Time: 2315000 | Master Din: a5 | Addr: 0100 | Write Enable: 0 | Slave1 Select: 0 | Slave2 Select: 1 | Slave3 Select: 0
Time: 2335000 | Master Din: 00 | Addr: 1001 | Write Enable: 1 | Slave1 Select: 0 | Slave2 Select: 0 | Slave3 Select: 0
Time: 2345000 | Master Din: a5 | Addr: 1001 | Write Enable: 1 | Slave1 Select: 0 | Slave2 Select: 0 | Slave3 Select: 1
Time: 2365000 | Master Din: 00 | Addr: 1001 | Write Enable: 0 | Slave1 Select: 0 | Slave2 Select: 0 | Slave3 Select: 0
Time: 2385000 | Master Din: 00 | Addr: 0001 | Write Enable: 1 | Slave1 Select: 1 | Slave2 Select: 0 | Slave3 Select: 0
Time: 2405000 | Master Din: 00 | Addr: 1001 | Write Enable: 0 | Slave1 Select: 0 | Slave2 Select: 0 | Slave3 Select: 0
Time: 2455000 | Master Din: 00 | Addr: 0000 | Write Enable: 0 | Slave1 Select: 1 | Slave2 Select: 0 | Slave3 Select: 0
Time: 2465000 | Master Din: a5 | Addr: 0000 | Write Enable: 0 | Slave1 Select: 1 | Slave2 Select: 0 | Slave3 Select: 0
Time: 2475000 | Master Din: 00 | Addr: 0010 | Write Enable: 0 | Slave1 Select: 0 | Slave2 Select: 0 | Slave3 Select: 0
Time: 2485000 | Master Din: 00 | Addr: 0010 | Write Enable: 0 | Slave1 Select: 1 | Slave2 Select: 0 | Slave3 Select: 0
Time: 2505000 | Master Din: 00 | Addr: 0010 | Write Enable: 0 | Slave1 Select: 0 | Slave2 Select: 0 | Slave3 Select: 0
Time: 2555000 | Master Din: 00 | Addr: 0011 | Write Enable: 0 | Slave1 Select: 1 | Slave2 Select: 0 | Slave3 Select: 0
Time: 2565000 | Master Din: 00 | Addr: 0010 | Write Enable: 0 | Slave1 Select: 0 | Slave2 Select: 0 | Slave3 Select: 0
Time: 2655000 | Master Din: 00 | Addr: 0010 | Write Enable: 0 | Slave1 Select: 1 | Slave2 Select: 0 | Slave3 Select: 0
Time: 2665000 | Master Din: 5a | Addr: 0010 | Write Enable: 0 | Slave1 Select: 1 | Slave2 Select: 0 | Slave3 Select: 0
Time: 2675000 | Master Din: 00 | Addr: 0011 | Write Enable: 0 | Slave1 Select: 1 | Slave2 Select: 0 | Slave3 Select: 0
Time: 2695000 | Master Din: 00 | Addr: 0010 | Write Enable: 0 | Slave1 Select: 0 | Slave2 Select: 0 | Slave3 Select: 0
Time: 2705000 | Master Din: 00 | Addr: 0001 | Write Enable: 1 | Slave1 Select: 0 | Slave2 Select: 0 | Slave3 Select: 0
Time: 2725000 | Master Din: 00 | Addr: 0001 | Write Enable: 1 | Slave1 Select: 1 | Slave2 Select: 0 | Slave3 Select: 0
Time: 2735000 | Master Din: 00 | Addr: 0001 | Write Enable: 1 | Slave1 Select: 0 | Slave2 Select: 0 | Slave3 Select: 0
Time: 2845000 | Master Din: 00 | Addr: 0011 | Write Enable: 0 | Slave1 Select: 1 | Slave2 Select: 0 | Slave3 Select: 0
Time: 2855000 | Master Din: a5 | Addr: 0011 | Write Enable: 0 | Slave1 Select: 1 | Slave2 Select: 0 | Slave3 Select: 0
Time: 2865000 | Master Din: 00 | Addr: 0001 | Write Enable: 1 | Slave1 Select: 1 | Slave2 Select: 0 | Slave3 Select: 0
Time: 2885000 | Master Din: 00 | Addr: 0001 | Write Enable: 0 | Slave1 Select: 0 | Slave2 Select: 0 | Slave3 Select: 0
Time: 2915000 | Master Din: a5 | Addr: 1001 | Write Enable: 1 | Slave1 Select: 0 | Slave2 Select: 0 | Slave3 Select: 1
Time: 2935000 | Master Din: 00 | Addr: 0100 | Write Enable: 0 | Slave1 Select: 0 | Slave2 Select: 0 | Slave3 Select: 0
Time: 2945000 | Master Din: a5 | Addr: 0100 | Write Enable: 0 | Slave1 Select: 0 | Slave2 Select: 1 | Slave3 Select: 0
Time: 2965000 | Master Din: 00 | Addr: 0100 | Write Enable: 0 | Slave1 Select: 0 | Slave2 Select: 0 | Slave3 Select: 0
Time: 2985000 | Master Din: a5 | Addr: 1000 | Write Enable: 0 | Slave1 Select: 0 | Slave2 Select: 0 | Slave3 Select: 1
Time: 3005000 | Master Din: 00 | Addr: 0101 | Write Enable: 1 | Slave1 Select: 0 | Slave2 Select: 0 | Slave3 Select: 0
Time: 3015000 | Master Din: a5 | Addr: 0101 | Write Enable: 1 | Slave1 Select: 0 | Slave2 Select: 1 | Slave3 Select: 0
Time: 3035000 | Master Din: 00 | Addr: 0101 | Write Enable: 0 | Slave1 Select: 0 | Slave2 Select: 0 | Slave3 Select: 0
Time: 3055000 | Master Din: a5 | Addr: 0101 | Write Enable: 1 | Slave1 Select: 0 | Slave2 Select: 1 | Slave3 Select: 0
Time: 3075000 | Master Din: 00 | Addr: 1000 | Write Enable: 0 | Slave1 Select: 0 | Slave2 Select: 0 | Slave3 Select: 0
Time: 3085000 | Master Din: a5 | Addr: 1000 | Write Enable: 0 | Slave1 Select: 0 | Slave2 Select: 0 | Slave3 Select: 1
Time: 3105000 | Master Din: 00 | Addr: 1000 | Write Enable: 0 | Slave1 Select: 0 | Slave2 Select: 0 | Slave3 Select: 0
Time: 3125000 | Master Din: a5 | Addr: 0100 | Write Enable: 0 | Slave1 Select: 0 | Slave2 Select: 1 | Slave3 Select: 0
Time: 3145000 | Master Din: 00 | Addr: 1001 | Write Enable: 1 | Slave1 Select: 0 | Slave2 Select: 0 | Slave3 Select: 0
Time: 3155000 | Master Din: a5 | Addr: 1001 | Write Enable: 1 | Slave1 Select: 0 | Slave2 Select: 0 | Slave3 Select: 1
Time: 3175000 | Master Din: 00 | Addr: 1001 | Write Enable: 0 | Slave1 Select: 0 | Slave2 Select: 0 | Slave3 Select: 0
Time: 3195000 | Master Din: 00 | Addr: 0001 | Write Enable: 1 | Slave1 Select: 1 | Slave2 Select: 0 | Slave3 Select: 0
Time: 3215000 | Master Din: 00 | Addr: 1001 | Write Enable: 0 | Slave1 Select: 0 | Slave2 Select: 0 | Slave3 Select: 0
Time: 3265000 | Master Din: 00 | Addr: 0000 | Write Enable: 0 | Slave1 Select: 1 | Slave2 Select: 0 | Slave3 Select: 0
Time: 3275000 | Master Din: a5 | Addr: 0000 | Write Enable: 0 | Slave1 Select: 1 | Slave2 Select: 0 | Slave3 Select: 0
Time: 3285000 | Master Din: 00 | Addr: 0010 | Write Enable: 0 | Slave1 Select: 0 | Slave2 Select: 0 | Slave3 Select: 0
Time: 3295000 | Master Din: 00 | Addr: 0010 | Write Enable: 0 | Slave1 Select: 1 | Slave2 Select: 0 | Slave3 Select: 0
Time: 3315000 | Master Din: 00 | Addr: 0010 | Write Enable: 0 | Slave1 Select: 0 | Slave2 Select: 0 | Slave3 Select: 0
Time: 3365000 | Master Din: 00 | Addr: 0011 | Write Enable: 0 | Slave1 Select: 1 | Slave2 Select: 0 | Slave3 Select: 0
Time: 3375000 | Master Din: 00 | Addr: 0010 | Write Enable: 0 | Slave1 Select: 0 | Slave2 Select: 0 | Slave3 Select: 0
Time: 3465000 | Master Din: 00 | Addr: 0010 | Write Enable: 0 | Slave1 Select: 1 | Slave2 Select: 0 | Slave3 Select: 0
Time: 3475000 | Master Din: 5a | Addr: 0010 | Write Enable: 0 | Slave1 Select: 1 | Slave2 Select: 0 | Slave3 Select: 0
Time: 3485000 | Master Din: 00 | Addr: 0011 | Write Enable: 0 | Slave1 Select: 1 | Slave2 Select: 0 | Slave3 Select: 0
Time: 3505000 | Master Din: 00 | Addr: 0010 | Write Enable: 0 | Slave1 Select: 0 | Slave2 Select: 0 | Slave3 Select: 0
Time: 3515000 | Master Din: 00 | Addr: 0001 | Write Enable: 1 | Slave1 Select: 0 | Slave2 Select: 0 | Slave3 Select: 0
Time: 3535000 | Master Din: 00 | Addr: 0001 | Write Enable: 1 | Slave1 Select: 1 | Slave2 Select: 0 | Slave3 Select: 0
Time: 3545000 | Master Din: 00 | Addr: 0001 | Write Enable: 1 | Slave1 Select: 0 | Slave2 Select: 0 | Slave3 Select: 0
Time: 3655000 | Master Din: 00 | Addr: 0011 | Write Enable: 0 | Slave1 Select: 1 | Slave2 Select: 0 | Slave3 Select: 0
Time: 3665000 | Master Din: a5 | Addr: 0011 | Write Enable: 0 | Slave1 Select: 1 | Slave2 Select: 0 | Slave3 Select: 0
Time: 3675000 | Master Din: 00 | Addr: 0001 | Write Enable: 1 | Slave1 Select: 1 | Slave2 Select: 0 | Slave3 Select: 0
Time: 3695000 | Master Din: 00 | Addr: 0001 | Write Enable: 0 | Slave1 Select: 0 | Slave2 Select: 0 | Slave3 Select: 0
Time: 3725000 | Master Din: a5 | Addr: 1001 | Write Enable: 1 | Slave1 Select: 0 | Slave2 Select: 0 | Slave3 Select: 1
Time: 3745000 | Master Din: 00 | Addr: 0100 | Write Enable: 0 | Slave1 Select: 0 | Slave2 Select: 0 | Slave3 Select: 0
Time: 3755000 | Master Din: a5 | Addr: 0100 | Write Enable: 0 | Slave1 Select: 0 | Slave2 Select: 1 | Slave3 Select: 0
Time: 3775000 | Master Din: 00 | Addr: 0100 | Write Enable: 0 | Slave1 Select: 0 | Slave2 Select: 0 | Slave3 Select: 0
Time: 3795000 | Master Din: a5 | Addr: 1000 | Write Enable: 0 | Slave1 Select: 0 | Slave2 Select: 0 | Slave3 Select: 1
Time: 3815000 | Master Din: 00 | Addr: 0101 | Write Enable: 1 | Slave1 Select: 0 | Slave2 Select: 0 | Slave3 Select: 0
Time: 3825000 | Master Din: a5 | Addr: 0101 | Write Enable: 1 | Slave1 Select: 0 | Slave2 Select: 1 | Slave3 Select: 0
Time: 3845000 | Master Din: 00 | Addr: 0101 | Write Enable: 0 | Slave1 Select: 0 | Slave2 Select: 0 | Slave3 Select: 0
Time: 3865000 | Master Din: a5 | Addr: 0101 | Write Enable: 1 | Slave1 Select: 0 | Slave2 Select: 1 | Slave3 Select: 0
Time: 3885000 | Master Din: 00 | Addr: 1000 | Write Enable: 0 | Slave1 Select: 0 | Slave2 Select: 0 | Slave3 Select: 0
Time: 3895000 | Master Din: a5 | Addr: 1000 | Write Enable: 0 | Slave1 Select: 0 | Slave2 Select: 0 | Slave3 Select: 1
Time: 3915000 | Master Din: 00 | Addr: 1000 | Write Enable: 0 | Slave1 Select: 0 | Slave2 Select: 0 | Slave3 Select: 0
Time: 3935000 | Master Din: a5 | Addr: 0100 | Write Enable: 0 | Slave1 Select: 0 | Slave2 Select: 1 | Slave3 Select: 0
Time: 3955000 | Master Din: 00 | Addr: 1001 | Write Enable: 1 | Slave1 Select: 0 | Slave2 Select: 0 | Slave3 Select: 0
Time: 3965000 | Master Din: a5 | Addr: 1001 | Write Enable: 1 | Slave1 Select: 0 | Slave2 Select: 0 | Slave3 Select: 1
Time: 3985000 | Master Din: 00 | Addr: 1001 | Write Enable: 0 | Slave1 Select: 0 | Slave2 Select: 0 | Slave3 Select: 0
Time: 4005000 | Master Din: 00 | Addr: 0001 | Write Enable: 1 | Slave1 Select: 1 | Slave2 Select: 0 | Slave3 Select: 0
Time: 4025000 | Master Din: 00 | Addr: 1001 | Write Enable: 0 | Slave1 Select: 0 | Slave2 Select: 0 | Slave3 Select: 0
Time: 4075000 | Master Din: 00 | Addr: 0000 | Write Enable: 0 | Slave1 Select: 1 | Slave2 Select: 0 | Slave3 Select: 0
Time: 4085000 | Master Din: a5 | Addr: 0000 | Write Enable: 0 | Slave1 Select: 1 | Slave2 Select: 0 | Slave3 Select: 0
Time: 4095000 | Master Din: 00 | Addr: 0010 | Write Enable: 0 | Slave1 Select: 0 | Slave2 Select: 0 | Slave3 Select: 0
Time: 4105000 | Master Din: 00 | Addr: 0010 | Write Enable: 0 | Slave1 Select: 1 | Slave2 Select: 0 | Slave3 Select: 0
Time: 4125000 | Master Din: 00 | Addr: 0010 | Write Enable: 0 | Slave1 Select: 0 | Slave2 Select: 0 | Slave3 Select: 0
Time: 4175000 | Master Din: 00 | Addr: 0011 | Write Enable: 0 | Slave1 Select: 1 | Slave2 Select: 0 | Slave3 Select: 0
Time: 4185000 | Master Din: 00 | Addr: 0010 | Write Enable: 0 | Slave1 Select: 0 | Slave2 Select: 0 | Slave3 Select: 0
Time: 4275000 | Master Din: 00 | Addr: 0010 | Write Enable: 0 | Slave1 Select: 1 | Slave2 Select: 0 | Slave3 Select: 0
Time: 4285000 | Master Din: 5a | Addr: 0010 | Write Enable: 0 | Slave1 Select: 1 | Slave2 Select: 0 | Slave3 Select: 0
Time: 4295000 | Master Din: 00 | Addr: 0011 | Write Enable: 0 | Slave1 Select: 1 | Slave2 Select: 0 | Slave3 Select: 0
Time: 4315000 | Master Din: 00 | Addr: 0010 | Write Enable: 0 | Slave1 Select: 0 | Slave2 Select: 0 | Slave3 Select: 0
Time: 4325000 | Master Din: 00 | Addr: 0001 | Write Enable: 1 | Slave1 Select: 0 | Slave2 Select: 0 | Slave3 Select: 0
Time: 4345000 | Master Din: 00 | Addr: 0001 | Write Enable: 1 | Slave1 Select: 1 | Slave2 Select: 0 | Slave3 Select: 0
Time: 4355000 | Master Din: 00 | Addr: 0001 | Write Enable: 1 | Slave1 Select: 0 | Slave2 Select: 0 | Slave3 Select: 0
Time: 4465000 | Master Din: 00 | Addr: 0011 | Write Enable: 0 | Slave1 Select: 1 | Slave2 Select: 0 | Slave3 Select: 0
Time: 4475000 | Master Din: a5 | Addr: 0011 | Write Enable: 0 | Slave1 Select: 1 | Slave2 Select: 0 | Slave3 Select: 0
Time: 4485000 | Master Din: 00 | Addr: 0001 | Write Enable: 1 | Slave1 Select: 1 | Slave2 Select: 0 | Slave3 Select: 0
Time: 4505000 | Master Din: 00 | Addr: 0001 | Write Enable: 0 | Slave1 Select: 0 | Slave2 Select: 0 | Slave3 Select: 0
Time: 4535000 | Master Din: a5 | Addr: 1001 | Write Enable: 1 | Slave1 Select: 0 | Slave2 Select: 0 | Slave3 Select: 1
Time: 4555000 | Master Din: 00 | Addr: 0100 | Write Enable: 0 | Slave1 Select: 0 | Slave2 Select: 0 | Slave3 Select: 0
Time: 4565000 | Master Din: a5 | Addr: 0100 | Write Enable: 0 | Slave1 Select: 0 | Slave2 Select: 1 | Slave3 Select: 0
Time: 4585000 | Master Din: 00 | Addr: 0100 | Write Enable: 0 | Slave1 Select: 0 | Slave2 Select: 0 | Slave3 Select: 0
Time: 4605000 | Master Din: a5 | Addr: 1000 | Write Enable: 0 | Slave1 Select: 0 | Slave2 Select: 0 | Slave3 Select: 1
Time: 4625000 | Master Din: 00 | Addr: 0101 | Write Enable: 1 | Slave1 Select: 0 | Slave2 Select: 0 | Slave3 Select: 0
Time: 4635000 | Master Din: a5 | Addr: 0101 | Write Enable: 1 | Slave1 Select: 0 | Slave2 Select: 1 | Slave3 Select: 0
Time: 4655000 | Master Din: 00 | Addr: 0101 | Write Enable: 0 | Slave1 Select: 0 | Slave2 Select: 0 | Slave3 Select: 0
Time: 4675000 | Master Din: a5 | Addr: 0101 | Write Enable: 1 | Slave1 Select: 0 | Slave2 Select: 1 | Slave3 Select: 0
Time: 4695000 | Master Din: 00 | Addr: 1000 | Write Enable: 0 | Slave1 Select: 0 | Slave2 Select: 0 | Slave3 Select: 0
Time: 4705000 | Master Din: a5 | Addr: 1000 | Write Enable: 0 | Slave1 Select: 0 | Slave2 Select: 0 | Slave3 Select: 1
Time: 4725000 | Master Din: 00 | Addr: 1000 | Write Enable: 0 | Slave1 Select: 0 | Slave2 Select: 0 | Slave3 Select: 0
Time: 4745000 | Master Din: a5 | Addr: 0100 | Write Enable: 0 | Slave1 Select: 0 | Slave2 Select: 1 | Slave3 Select: 0
Time: 4765000 | Master Din: 00 | Addr: 1001 | Write Enable: 1 | Slave1 Select: 0 | Slave2 Select: 0 | Slave3 Select: 0
Time: 4775000 | Master Din: a5 | Addr: 1001 | Write Enable: 1 | Slave1 Select: 0 | Slave2 Select: 0 | Slave3 Select: 1
Time: 4795000 | Master Din: 00 | Addr: 1001 | Write Enable: 0 | Slave1 Select: 0 | Slave2 Select: 0 | Slave3 Select: 0
Time: 4815000 | Master Din: 00 | Addr: 0001 | Write Enable: 1 | Slave1 Select: 1 | Slave2 Select: 0 | Slave3 Select: 0
Time: 4835000 | Master Din: 00 | Addr: 1001 | Write Enable: 0 | Slave1 Select: 0 | Slave2 Select: 0 | Slave3 Select: 0
Time: 4885000 | Master Din: 00 | Addr: 0000 | Write Enable: 0 | Slave1 Select: 1 | Slave2 Select: 0 | Slave3 Select: 0
Time: 4895000 | Master Din: a5 | Addr: 0000 | Write Enable: 0 | Slave1 Select: 1 | Slave2 Select: 0 | Slave3 Select: 0
Time: 4905000 | Master Din: 00 | Addr: 0010 | Write Enable: 0 | Slave1 Select: 0 | Slave2 Select: 0 | Slave3 Select: 0
Time: 4915000 | Master Din: 00 | Addr: 0010 | Write Enable: 0 | Slave1 Select: 1 | Slave2 Select: 0 | Slave3 Select: 0
Time: 4935000 | Master Din: 00 | Addr: 0010 | Write Enable: 0 | Slave1 Select: 0 | Slave2 Select: 0 | Slave3 Select: 0
Time: 4985000 | Master Din: 00 | Addr: 0011 | Write Enable: 0 | Slave1 Select: 1 | Slave2 Select: 0 | Slave3 Select: 0
Time: 4995000 | Master Din: 00 | Addr: 0010 | Write Enable: 0 | Slave1 Select: 0 | Slave2 Select: 0 | Slave3 Select: 0
Time: 5085000 | Master Din: 00 | Addr: 0010 | Write Enable: 0 | Slave1 Select: 1 | Slave2 Select: 0 | Slave3 Select: 0
Time: 5095000 | Master Din: 5a | Addr: 0010 | Write Enable: 0 | Slave1 Select: 1 | Slave2 Select: 0 | Slave3 Select: 0
Time: 5105000 | Master Din: 00 | Addr: 0011 | Write Enable: 0 | Slave1 Select: 1 | Slave2 Select: 0 | Slave3 Select: 0
Time: 5125000 | Master Din: 00 | Addr: 0010 | Write Enable: 0 | Slave1 Select: 0 | Slave2 Select: 0 | Slave3 Select: 0
Time: 5135000 | Master Din: 00 | Addr: 0001 | Write Enable: 1 | Slave1 Select: 0 | Slave2 Select: 0 | Slave3 Select: 0
Time: 5155000 | Master Din: 00 | Addr: 0001 | Write Enable: 1 | Slave1 Select: 1 | Slave2 Select: 0 | Slave3 Select: 0
Time: 5165000 | Master Din: 00 | Addr: 0001 | Write Enable: 1 | Slave1 Select: 0 | Slave2 Select: 0 | Slave3 Select: 0
Time: 5275000 | Master Din: 00 | Addr: 0011 | Write Enable: 0 | Slave1 Select: 1 | Slave2 Select: 0 | Slave3 Select: 0
Time: 5285000 | Master Din: a5 | Addr: 0011 | Write Enable: 0 | Slave1 Select: 1 | Slave2 Select: 0 | Slave3 Select: 0
Time: 5295000 | Master Din: 00 | Addr: 0001 | Write Enable: 1 | Slave1 Select: 1 | Slave2 Select: 0 | Slave3 Select: 0
Time: 5315000 | Master Din: 00 | Addr: 0001 | Write Enable: 0 | Slave1 Select: 0 | Slave2 Select: 0 | Slave3 Select: 0
Time: 5345000 | Master Din: a5 | Addr: 1001 | Write Enable: 1 | Slave1 Select: 0 | Slave2 Select: 0 | Slave3 Select: 1
Time: 5365000 | Master Din: 00 | Addr: 0100 | Write Enable: 0 | Slave1 Select: 0 | Slave2 Select: 0 | Slave3 Select: 0
Time: 5375000 | Master Din: a5 | Addr: 0100 | Write Enable: 0 | Slave1 Select: 0 | Slave2 Select: 1 | Slave3 Select: 0
Time: 5395000 | Master Din: 00 | Addr: 0100 | Write Enable: 0 | Slave1 Select: 0 | Slave2 Select: 0 | Slave3 Select: 0
Time: 5415000 | Master Din: a5 | Addr: 1000 | Write Enable: 0 | Slave1 Select: 0 | Slave2 Select: 0 | Slave3 Select: 1
Time: 5435000 | Master Din: 00 | Addr: 0101 | Write Enable: 1 | Slave1 Select: 0 | Slave2 Select: 0 | Slave3 Select: 0
Time: 5445000 | Master Din: a5 | Addr: 0101 | Write Enable: 1 | Slave1 Select: 0 | Slave2 Select: 1 | Slave3 Select: 0
Time: 5465000 | Master Din: 00 | Addr: 0101 | Write Enable: 0 | Slave1 Select: 0 | Slave2 Select: 0 | Slave3 Select: 0
Time: 5485000 | Master Din: a5 | Addr: 0101 | Write Enable: 1 | Slave1 Select: 0 | Slave2 Select: 1 | Slave3 Select: 0
Time: 5505000 | Master Din: 00 | Addr: 1000 | Write Enable: 0 | Slave1 Select: 0 | Slave2 Select: 0 | Slave3 Select: 0
Time: 5515000 | Master Din: a5 | Addr: 1000 | Write Enable: 0 | Slave1 Select: 0 | Slave2 Select: 0 | Slave3 Select: 1
Time: 5535000 | Master Din: 00 | Addr: 1000 | Write Enable: 0 | Slave1 Select: 0 | Slave2 Select: 0 | Slave3 Select: 0
Time: 5555000 | Master Din: a5 | Addr: 0100 | Write Enable: 0 | Slave1 Select: 0 | Slave2 Select: 1 | Slave3 Select: 0
Time: 5575000 | Master Din: 00 | Addr: 1001 | Write Enable: 1 | Slave1 Select: 0 | Slave2 Select: 0 | Slave3 Select: 0
Time: 5585000 | Master Din: a5 | Addr: 1001 | Write Enable: 1 | Slave1 Select: 0 | Slave2 Select: 0 | Slave3 Select: 1
Time: 5605000 | Master Din: 00 | Addr: 1001 | Write Enable: 0 | Slave1 Select: 0 | Slave2 Select: 0 | Slave3 Select: 0
Time: 5625000 | Master Din: 00 | Addr: 0001 | Write Enable: 1 | Slave1 Select: 1 | Slave2 Select: 0 | Slave3 Select: 0
Time: 5645000 | Master Din: 00 | Addr: 1001 | Write Enable: 0 | Slave1 Select: 0 | Slave2 Select: 0 | Slave3 Select: 0
Time: 5695000 | Master Din: 00 | Addr: 0000 | Write Enable: 0 | Slave1 Select: 1 | Slave2 Select: 0 | Slave3 Select: 0
Time: 5705000 | Master Din: a5 | Addr: 0000 | Write Enable: 0 | Slave1 Select: 1 | Slave2 Select: 0 | Slave3 Select: 0
Time: 5715000 | Master Din: 00 | Addr: 0010 | Write Enable: 0 | Slave1 Select: 0 | Slave2 Select: 0 | Slave3 Select: 0
Time: 5725000 | Master Din: 00 | Addr: 0010 | Write Enable: 0 | Slave1 Select: 1 | Slave2 Select: 0 | Slave3 Select: 0
Time: 5745000 | Master Din: 00 | Addr: 0010 | Write Enable: 0 | Slave1 Select: 0 | Slave2 Select: 0 | Slave3 Select: 0
Time: 5795000 | Master Din: 00 | Addr: 0011 | Write Enable: 0 | Slave1 Select: 1 | Slave2 Select: 0 | Slave3 Select: 0
Time: 5805000 | Master Din: 00 | Addr: 0010 | Write Enable: 0 | Slave1 Select: 0 | Slave2 Select: 0 | Slave3 Select: 0
Time: 5895000 | Master Din: 00 | Addr: 0010 | Write Enable: 0 | Slave1 Select: 1 | Slave2 Select: 0 | Slave3 Select: 0
Time: 5905000 | Master Din: 5a | Addr: 0010 | Write Enable: 0 | Slave1 Select: 1 | Slave2 Select: 0 | Slave3 Select: 0
Time: 5915000 | Master Din: 00 | Addr: 0011 | Write Enable: 0 | Slave1 Select: 1 | Slave2 Select: 0 | Slave3 Select: 0
Time: 5935000 | Master Din: 00 | Addr: 0010 | Write Enable: 0 | Slave1 Select: 0 | Slave2 Select: 0 | Slave3 Select: 0
Time: 5945000 | Master Din: 00 | Addr: 0001 | Write Enable: 1 | Slave1 Select: 0 | Slave2 Select: 0 | Slave3 Select: 0
Time: 5965000 | Master Din: 00 | Addr: 0001 | Write Enable: 1 | Slave1 Select: 1 | Slave2 Select: 0 | Slave3 Select: 0
Time: 5975000 | Master Din: 00 | Addr: 0001 | Write Enable: 1 | Slave1 Select: 0 | Slave2 Select: 0 | Slave3 Select: 0
Time: 6085000 | Master Din: 00 | Addr: 0011 | Write Enable: 0 | Slave1 Select: 1 | Slave2 Select: 0 | Slave3 Select: 0
Time: 6095000 | Master Din: a5 | Addr: 0011 | Write Enable: 0 | Slave1 Select: 1 | Slave2 Select: 0 | Slave3 Select: 0
Time: 6105000 | Master Din: 00 | Addr: 0001 | Write Enable: 1 | Slave1 Select: 1 | Slave2 Select: 0 | Slave3 Select: 0
Time: 6125000 | Master Din: 00 | Addr: 0001 | Write Enable: 0 | Slave1 Select: 0 | Slave2 Select: 0 | Slave3 Select: 0
Time: 6155000 | Master Din: a5 | Addr: 1001 | Write Enable: 1 | Slave1 Select: 0 | Slave2 Select: 0 | Slave3 Select: 1
Time: 6175000 | Master Din: 00 | Addr: 0100 | Write Enable: 0 | Slave1 Select: 0 | Slave2 Select: 0 | Slave3 Select: 0
Time: 6185000 | Master Din: a5 | Addr: 0100 | Write Enable: 0 | Slave1 Select: 0 | Slave2 Select: 1 | Slave3 Select: 0
Time: 6205000 | Master Din: 00 | Addr: 0100 | Write Enable: 0 | Slave1 Select: 0 | Slave2 Select: 0 | Slave3 Select: 0
Time: 6225000 | Master Din: a5 | Addr: 1000 | Write Enable: 0 | Slave1 Select: 0 | Slave2 Select: 0 | Slave3 Select: 1
Time: 6245000 | Master Din: 00 | Addr: 0101 | Write Enable: 1 | Slave1 Select: 0 | Slave2 Select: 0 | Slave3 Select: 0
Time: 6255000 | Master Din: a5 | Addr: 0101 | Write Enable: 1 | Slave1 Select: 0 | Slave2 Select: 1 | Slave3 Select: 0
Time: 6275000 | Master Din: 00 | Addr: 0101 | Write Enable: 0 | Slave1 Select: 0 | Slave2 Select: 0 | Slave3 Select: 0
Time: 6295000 | Master Din: a5 | Addr: 0101 | Write Enable: 1 | Slave1 Select: 0 | Slave2 Select: 1 | Slave3 Select: 0
Time: 6315000 | Master Din: 00 | Addr: 1000 | Write Enable: 0 | Slave1 Select: 0 | Slave2 Select: 0 | Slave3 Select: 0
Time: 6325000 | Master Din: a5 | Addr: 1000 | Write Enable: 0 | Slave1 Select: 0 | Slave2 Select: 0 | Slave3 Select: 1
Time: 6345000 | Master Din: 00 | Addr: 1000 | Write Enable: 0 | Slave1 Select: 0 | Slave2 Select: 0 | Slave3 Select: 0
Time: 6365000 | Master Din: a5 | Addr: 0100 | Write Enable: 0 | Slave1 Select: 0 | Slave2 Select: 1 | Slave3 Select: 0
Time: 6385000 | Master Din: 00 | Addr: 1001 | Write Enable: 1 | Slave1 Select: 0 | Slave2 Select: 0 | Slave3 Select: 0
Time: 6395000 | Master Din: a5 | Addr: 1001 | Write Enable: 1 | Slave1 Select: 0 | Slave2 Select: 0 | Slave3 Select: 1
Time: 6415000 | Master Din: 00 | Addr: 1001 | Write Enable: 0 | Slave1 Select: 0 | Slave2 Select: 0 | Slave3 Select: 0
Time: 6435000 | Master Din: 00 | Addr: 0001 | Write Enable: 1 | Slave1 Select: 1 | Slave2 Select: 0 | Slave3 Select: 0
Time: 6455000 | Master Din: 00 | Addr: 1001 | Write Enable: 0 | Slave1 Select: 0 | Slave2 Select: 0 | Slave3 Select: 0
Time: 6505000 | Master Din: 00 | Addr: 0000 | Write Enable: 0 | Slave1 Select: 1 | Slave2 Select: 0 | Slave3 Select: 0
Time: 6515000 | Master Din: a5 | Addr: 0000 | Write Enable: 0 | Slave1 Select: 1 | Slave2 Select: 0 | Slave3 Select: 0
Time: 6525000 | Master Din: 00 | Addr: 0010 | Write Enable: 0 | Slave1 Select: 0 | Slave2 Select: 0 | Slave3 Select: 0
Time: 6535000 | Master Din: 00 | Addr: 0010 | Write Enable: 0 | Slave1 Select: 1 | Slave2 Select: 0 | Slave3 Select: 0
Time: 6555000 | Master Din: 00 | Addr: 0010 | Write Enable: 0 | Slave1 Select: 0 | Slave2 Select: 0 | Slave3 Select: 0
Time: 6605000 | Master Din: 00 | Addr: 0011 | Write Enable: 0 | Slave1 Select: 1 | Slave2 Select: 0 | Slave3 Select: 0
Time: 6615000 | Master Din: 00 | Addr: 0010 | Write Enable: 0 | Slave1 Select: 0 | Slave2 Select: 0 | Slave3 Select: 0
Time: 6705000 | Master Din: 00 | Addr: 0010 | Write Enable: 0 | Slave1 Select: 1 | Slave2 Select: 0 | Slave3 Select: 0
Time: 6715000 | Master Din: 5a | Addr: 0010 | Write Enable: 0 | Slave1 Select: 1 | Slave2 Select: 0 | Slave3 Select: 0
Time: 6725000 | Master Din: 00 | Addr: 0011 | Write Enable: 0 | Slave1 Select: 1 | Slave2 Select: 0 | Slave3 Select: 0
Time: 6745000 | Master Din: 00 | Addr: 0010 | Write Enable: 0 | Slave1 Select: 0 | Slave2 Select: 0 | Slave3 Select: 0
Time: 6755000 | Master Din: 00 | Addr: 0001 | Write Enable: 1 | Slave1 Select: 0 | Slave2 Select: 0 | Slave3 Select: 0
Time: 6775000 | Master Din: 00 | Addr: 0001 | Write Enable: 1 | Slave1 Select: 1 | Slave2 Select: 0 | Slave3 Select: 0
Time: 6785000 | Master Din: 00 | Addr: 0001 | Write Enable: 1 | Slave1 Select: 0 | Slave2 Select: 0 | Slave3 Select: 0
Time: 6895000 | Master Din: 00 | Addr: 0011 | Write Enable: 0 | Slave1 Select: 1 | Slave2 Select: 0 | Slave3 Select: 0
Time: 6905000 | Master Din: a5 | Addr: 0011 | Write Enable: 0 | Slave1 Select: 1 | Slave2 Select: 0 | Slave3 Select: 0
Time: 6915000 | Master Din: 00 | Addr: 0001 | Write Enable: 1 | Slave1 Select: 1 | Slave2 Select: 0 | Slave3 Select: 0
Time: 6935000 | Master Din: 00 | Addr: 0001 | Write Enable: 0 | Slave1 Select: 0 | Slave2 Select: 0 | Slave3 Select: 0
Time: 6965000 | Master Din: a5 | Addr: 1001 | Write Enable: 1 | Slave1 Select: 0 | Slave2 Select: 0 | Slave3 Select: 1
Time: 6985000 | Master Din: 00 | Addr: 0100 | Write Enable: 0 | Slave1 Select: 0 | Slave2 Select: 0 | Slave3 Select: 0
Time: 6995000 | Master Din: a5 | Addr: 0100 | Write Enable: 0 | Slave1 Select: 0 | Slave2 Select: 1 | Slave3 Select: 0
Time: 7015000 | Master Din: 00 | Addr: 0100 | Write Enable: 0 | Slave1 Select: 0 | Slave2 Select: 0 | Slave3 Select: 0
Time: 7035000 | Master Din: a5 | Addr: 1000 | Write Enable: 0 | Slave1 Select: 0 | Slave2 Select: 0 | Slave3 Select: 1
Time: 7055000 | Master Din: 00 | Addr: 0101 | Write Enable: 1 | Slave1 Select: 0 | Slave2 Select: 0 | Slave3 Select: 0
Time: 7065000 | Master Din: a5 | Addr: 0101 | Write Enable: 1 | Slave1 Select: 0 | Slave2 Select: 1 | Slave3 Select: 0
Time: 7085000 | Master Din: 00 | Addr: 0101 | Write Enable: 0 | Slave1 Select: 0 | Slave2 Select: 0 | Slave3 Select: 0
Time: 7105000 | Master Din: a5 | Addr: 0101 | Write Enable: 1 | Slave1 Select: 0 | Slave2 Select: 1 | Slave3 Select: 0
Time: 7125000 | Master Din: 00 | Addr: 1000 | Write Enable: 0 | Slave1 Select: 0 | Slave2 Select: 0 | Slave3 Select: 0
Time: 7135000 | Master Din: a5 | Addr: 1000 | Write Enable: 0 | Slave1 Select: 0 | Slave2 Select: 0 | Slave3 Select: 1
Time: 7155000 | Master Din: 00 | Addr: 1000 | Write Enable: 0 | Slave1 Select: 0 | Slave2 Select: 0 | Slave3 Select: 0
Time: 7175000 | Master Din: a5 | Addr: 0100 | Write Enable: 0 | Slave1 Select: 0 | Slave2 Select: 1 | Slave3 Select: 0
Time: 7195000 | Master Din: 00 | Addr: 1001 | Write Enable: 1 | Slave1 Select: 0 | Slave2 Select: 0 | Slave3 Select: 0
Time: 7205000 | Master Din: a5 | Addr: 1001 | Write Enable: 1 | Slave1 Select: 0 | Slave2 Select: 0 | Slave3 Select: 1
Time: 7225000 | Master Din: 00 | Addr: 1001 | Write Enable: 0 | Slave1 Select: 0 | Slave2 Select: 0 | Slave3 Select: 0
Time: 7245000 | Master Din: 00 | Addr: 0001 | Write Enable: 1 | Slave1 Select: 1 | Slave2 Select: 0 | Slave3 Select: 0
Time: 7265000 | Master Din: 00 | Addr: 1001 | Write Enable: 0 | Slave1 Select: 0 | Slave2 Select: 0 | Slave3 Select: 0
Time: 7315000 | Master Din: 00 | Addr: 0000 | Write Enable: 0 | Slave1 Select: 1 | Slave2 Select: 0 | Slave3 Select: 0
Time: 7325000 | Master Din: a5 | Addr: 0000 | Write Enable: 0 | Slave1 Select: 1 | Slave2 Select: 0 | Slave3 Select: 0
Time: 7335000 | Master Din: 00 | Addr: 0010 | Write Enable: 0 | Slave1 Select: 0 | Slave2 Select: 0 | Slave3 Select: 0
Time: 7345000 | Master Din: 00 | Addr: 0010 | Write Enable: 0 | Slave1 Select: 1 | Slave2 Select: 0 | Slave3 Select: 0
Time: 7365000 | Master Din: 00 | Addr: 0010 | Write Enable: 0 | Slave1 Select: 0 | Slave2 Select: 0 | Slave3 Select: 0
Time: 7415000 | Master Din: 00 | Addr: 0011 | Write Enable: 0 | Slave1 Select: 1 | Slave2 Select: 0 | Slave3 Select: 0
Time: 7425000 | Master Din: 00 | Addr: 0010 | Write Enable: 0 | Slave1 Select: 0 | Slave2 Select: 0 | Slave3 Select: 0
Time: 7515000 | Master Din: 00 | Addr: 0010 | Write Enable: 0 | Slave1 Select: 1 | Slave2 Select: 0 | Slave3 Select: 0
Time: 7525000 | Master Din: 5a | Addr: 0010 | Write Enable: 0 | Slave1 Select: 1 | Slave2 Select: 0 | Slave3 Select: 0
Time: 7535000 | Master Din: 00 | Addr: 0011 | Write Enable: 0 | Slave1 Select: 1 | Slave2 Select: 0 | Slave3 Select: 0
Time: 7555000 | Master Din: 00 | Addr: 0010 | Write Enable: 0 | Slave1 Select: 0 | Slave2 Select: 0 | Slave3 Select: 0
Time: 7565000 | Master Din: 00 | Addr: 0001 | Write Enable: 1 | Slave1 Select: 0 | Slave2 Select: 0 | Slave3 Select: 0
Time: 7585000 | Master Din: 00 | Addr: 0001 | Write Enable: 1 | Slave1 Select: 1 | Slave2 Select: 0 | Slave3 Select: 0
Time: 7595000 | Master Din: 00 | Addr: 0001 | Write Enable: 1 | Slave1 Select: 0 | Slave2 Select: 0 | Slave3 Select: 0
Time: 7705000 | Master Din: 00 | Addr: 0011 | Write Enable: 0 | Slave1 Select: 1 | Slave2 Select: 0 | Slave3 Select: 0
Time: 7715000 | Master Din: a5 | Addr: 0011 | Write Enable: 0 | Slave1 Select: 1 | Slave2 Select: 0 | Slave3 Select: 0
Time: 7725000 | Master Din: 00 | Addr: 0001 | Write Enable: 1 | Slave1 Select: 1 | Slave2 Select: 0 | Slave3 Select: 0
Time: 7745000 | Master Din: 00 | Addr: 0001 | Write Enable: 0 | Slave1 Select: 0 | Slave2 Select: 0 | Slave3 Select: 0
Time: 7775000 | Master Din: a5 | Addr: 1001 | Write Enable: 1 | Slave1 Select: 0 | Slave2 Select: 0 | Slave3 Select: 1
Time: 7795000 | Master Din: 00 | Addr: 0100 | Write Enable: 0 | Slave1 Select: 0 | Slave2 Select: 0 | Slave3 Select: 0
Time: 7805000 | Master Din: a5 | Addr: 0100 | Write Enable: 0 | Slave1 Select: 0 | Slave2 Select: 1 | Slave3 Select: 0
Time: 7825000 | Master Din: 00 | Addr: 0100 | Write Enable: 0 | Slave1 Select: 0 | Slave2 Select: 0 | Slave3 Select: 0
Time: 7845000 | Master Din: a5 | Addr: 1000 | Write Enable: 0 | Slave1 Select: 0 | Slave2 Select: 0 | Slave3 Select: 1
Time: 7865000 | Master Din: 00 | Addr: 0101 | Write Enable: 1 | Slave1 Select: 0 | Slave2 Select: 0 | Slave3 Select: 0
Time: 7875000 | Master Din: a5 | Addr: 0101 | Write Enable: 1 | Slave1 Select: 0 | Slave2 Select: 1 | Slave3 Select: 0
Time: 7895000 | Master Din: 00 | Addr: 0101 | Write Enable: 0 | Slave1 Select: 0 | Slave2 Select: 0 | Slave3 Select: 0
Time: 7915000 | Master Din: a5 | Addr: 0101 | Write Enable: 1 | Slave1 Select: 0 | Slave2 Select: 1 | Slave3 Select: 0
Time: 7935000 | Master Din: 00 | Addr: 1000 | Write Enable: 0 | Slave1 Select: 0 | Slave2 Select: 0 | Slave3 Select: 0
Time: 7945000 | Master Din: a5 | Addr: 1000 | Write Enable: 0 | Slave1 Select: 0 | Slave2 Select: 0 | Slave3 Select: 1
Time: 7965000 | Master Din: 00 | Addr: 1000 | Write Enable: 0 | Slave1 Select: 0 | Slave2 Select: 0 | Slave3 Select: 0
Time: 7985000 | Master Din: a5 | Addr: 0100 | Write Enable: 0 | Slave1 Select: 0 | Slave2 Select: 1 | Slave3 Select: 0
Time: 8005000 | Master Din: 00 | Addr: 1001 | Write Enable: 1 | Slave1 Select: 0 | Slave2 Select: 0 | Slave3 Select: 0
Time: 8015000 | Master Din: a5 | Addr: 1001 | Write Enable: 1 | Slave1 Select: 0 | Slave2 Select: 0 | Slave3 Select: 1
Time: 8035000 | Master Din: 00 | Addr: 1001 | Write Enable: 0 | Slave1 Select: 0 | Slave2 Select: 0 | Slave3 Select: 0
Time: 8055000 | Master Din: 00 | Addr: 0001 | Write Enable: 1 | Slave1 Select: 1 | Slave2 Select: 0 | Slave3 Select: 0
Time: 8075000 | Master Din: 00 | Addr: 1001 | Write Enable: 0 | Slave1 Select: 0 | Slave2 Select: 0 | Slave3 Select: 0
Time: 8125000 | Master Din: 00 | Addr: 0000 | Write Enable: 0 | Slave1 Select: 1 | Slave2 Select: 0 | Slave3 Select: 0
Time: 8135000 | Master Din: a5 | Addr: 0000 | Write Enable: 0 | Slave1 Select: 1 | Slave2 Select: 0 | Slave3 Select: 0
Time: 8145000 | Master Din: 00 | Addr: 0010 | Write Enable: 0 | Slave1 Select: 0 | Slave2 Select: 0 | Slave3 Select: 0
Time: 8155000 | Master Din: 00 | Addr: 0010 | Write Enable: 0 | Slave1 Select: 1 | Slave2 Select: 0 | Slave3 Select: 0
Time: 8175000 | Master Din: 00 | Addr: 0010 | Write Enable: 0 | Slave1 Select: 0 | Slave2 Select: 0 | Slave3 Select: 0
Time: 8225000 | Master Din: 00 | Addr: 0011 | Write Enable: 0 | Slave1 Select: 1 | Slave2 Select: 0 | Slave3 Select: 0
Time: 8235000 | Master Din: 00 | Addr: 0010 | Write Enable: 0 | Slave1 Select: 0 | Slave2 Select: 0 | Slave3 Select: 0
Time: 8325000 | Master Din: 00 | Addr: 0010 | Write Enable: 0 | Slave1 Select: 1 | Slave2 Select: 0 | Slave3 Select: 0
Time: 8335000 | Master Din: 5a | Addr: 0010 | Write Enable: 0 | Slave1 Select: 1 | Slave2 Select: 0 | Slave3 Select: 0
Time: 8345000 | Master Din: 00 | Addr: 0011 | Write Enable: 0 | Slave1 Select: 1 | Slave2 Select: 0 | Slave3 Select: 0
Time: 8365000 | Master Din: 00 | Addr: 0010 | Write Enable: 0 | Slave1 Select: 0 | Slave2 Select: 0 | Slave3 Select: 0
Time: 8375000 | Master Din: 00 | Addr: 0001 | Write Enable: 1 | Slave1 Select: 0 | Slave2 Select: 0 | Slave3 Select: 0
Time: 8395000 | Master Din: 00 | Addr: 0001 | Write Enable: 1 | Slave1 Select: 1 | Slave2 Select: 0 | Slave3 Select: 0
Time: 8405000 | Master Din: 00 | Addr: 0001 | Write Enable: 1 | Slave1 Select: 0 | Slave2 Select: 0 | Slave3 Select: 0
Time: 8515000 | Master Din: 00 | Addr: 0011 | Write Enable: 0 | Slave1 Select: 1 | Slave2 Select: 0 | Slave3 Select: 0
Time: 8525000 | Master Din: a5 | Addr: 0011 | Write Enable: 0 | Slave1 Select: 1 | Slave2 Select: 0 | Slave3 Select: 0
Time: 8535000 | Master Din: 00 | Addr: 0001 | Write Enable: 1 | Slave1 Select: 1 | Slave2 Select: 0 | Slave3 Select: 0
Time: 8555000 | Master Din: 00 | Addr: 0001 | Write Enable: 0 | Slave1 Select: 0 | Slave2 Select: 0 | Slave3 Select: 0
Time: 8585000 | Master Din: a5 | Addr: 1001 | Write Enable: 1 | Slave1 Select: 0 | Slave2 Select: 0 | Slave3 Select: 1
Time: 8605000 | Master Din: 00 | Addr: 0100 | Write Enable: 0 | Slave1 Select: 0 | Slave2 Select: 0 | Slave3 Select: 0
Time: 8615000 | Master Din: a5 | Addr: 0100 | Write Enable: 0 | Slave1 Select: 0 | Slave2 Select: 1 | Slave3 Select: 0
Time: 8635000 | Master Din: 00 | Addr: 0100 | Write Enable: 0 | Slave1 Select: 0 | Slave2 Select: 0 | Slave3 Select: 0
Time: 8655000 | Master Din: a5 | Addr: 1000 | Write Enable: 0 | Slave1 Select: 0 | Slave2 Select: 0 | Slave3 Select: 1
Time: 8675000 | Master Din: 00 | Addr: 0101 | Write Enable: 1 | Slave1 Select: 0 | Slave2 Select: 0 | Slave3 Select: 0
Time: 8685000 | Master Din: a5 | Addr: 0101 | Write Enable: 1 | Slave1 Select: 0 | Slave2 Select: 1 | Slave3 Select: 0
Time: 8705000 | Master Din: 00 | Addr: 0101 | Write Enable: 0 | Slave1 Select: 0 | Slave2 Select: 0 | Slave3 Select: 0
Time: 8725000 | Master Din: a5 | Addr: 0101 | Write Enable: 1 | Slave1 Select: 0 | Slave2 Select: 1 | Slave3 Select: 0
Time: 8745000 | Master Din: 00 | Addr: 1000 | Write Enable: 0 | Slave1 Select: 0 | Slave2 Select: 0 | Slave3 Select: 0
Time: 8755000 | Master Din: a5 | Addr: 1000 | Write Enable: 0 | Slave1 Select: 0 | Slave2 Select: 0 | Slave3 Select: 1
Time: 8775000 | Master Din: 00 | Addr: 1000 | Write Enable: 0 | Slave1 Select: 0 | Slave2 Select: 0 | Slave3 Select: 0
Time: 8795000 | Master Din: a5 | Addr: 0100 | Write Enable: 0 | Slave1 Select: 0 | Slave2 Select: 1 | Slave3 Select: 0
Time: 8815000 | Master Din: 00 | Addr: 1001 | Write Enable: 1 | Slave1 Select: 0 | Slave2 Select: 0 | Slave3 Select: 0
Time: 8825000 | Master Din: a5 | Addr: 1001 | Write Enable: 1 | Slave1 Select: 0 | Slave2 Select: 0 | Slave3 Select: 1
Time: 8845000 | Master Din: 00 | Addr: 1001 | Write Enable: 0 | Slave1 Select: 0 | Slave2 Select: 0 | Slave3 Select: 0
Time: 8865000 | Master Din: 00 | Addr: 0001 | Write Enable: 1 | Slave1 Select: 1 | Slave2 Select: 0 | Slave3 Select: 0
Time: 8885000 | Master Din: 00 | Addr: 1001 | Write Enable: 0 | Slave1 Select: 0 | Slave2 Select: 0 | Slave3 Select: 0
Time: 8935000 | Master Din: 00 | Addr: 0000 | Write Enable: 0 | Slave1 Select: 1 | Slave2 Select: 0 | Slave3 Select: 0
Time: 8945000 | Master Din: a5 | Addr: 0000 | Write Enable: 0 | Slave1 Select: 1 | Slave2 Select: 0 | Slave3 Select: 0
Time: 8955000 | Master Din: 00 | Addr: 0010 | Write Enable: 0 | Slave1 Select: 0 | Slave2 Select: 0 | Slave3 Select: 0
Time: 8965000 | Master Din: 00 | Addr: 0010 | Write Enable: 0 | Slave1 Select: 1 | Slave2 Select: 0 | Slave3 Select: 0
Time: 8985000 | Master Din: 00 | Addr: 0010 | Write Enable: 0 | Slave1 Select: 0 | Slave2 Select: 0 | Slave3 Select: 0
Time: 9035000 | Master Din: 00 | Addr: 0011 | Write Enable: 0 | Slave1 Select: 1 | Slave2 Select: 0 | Slave3 Select: 0
Time: 9045000 | Master Din: 00 | Addr: 0010 | Write Enable: 0 | Slave1 Select: 0 | Slave2 Select: 0 | Slave3 Select: 0
Time: 9135000 | Master Din: 00 | Addr: 0010 | Write Enable: 0 | Slave1 Select: 1 | Slave2 Select: 0 | Slave3 Select: 0
Time: 9145000 | Master Din: 5a | Addr: 0010 | Write Enable: 0 | Slave1 Select: 1 | Slave2 Select: 0 | Slave3 Select: 0
Time: 9155000 | Master Din: 00 | Addr: 0011 | Write Enable: 0 | Slave1 Select: 1 | Slave2 Select: 0 | Slave3 Select: 0
Time: 9175000 | Master Din: 00 | Addr: 0010 | Write Enable: 0 | Slave1 Select: 0 | Slave2 Select: 0 | Slave3 Select: 0
Time: 9185000 | Master Din: 00 | Addr: 0001 | Write Enable: 1 | Slave1 Select: 0 | Slave2 Select: 0 | Slave3 Select: 0
Time: 9205000 | Master Din: 00 | Addr: 0001 | Write Enable: 1 | Slave1 Select: 1 | Slave2 Select: 0 | Slave3 Select: 0
Time: 9215000 | Master Din: 00 | Addr: 0001 | Write Enable: 1 | Slave1 Select: 0 | Slave2 Select: 0 | Slave3 Select: 0
Time: 9325000 | Master Din: 00 | Addr: 0011 | Write Enable: 0 | Slave1 Select: 1 | Slave2 Select: 0 | Slave3 Select: 0
Time: 9335000 | Master Din: a5 | Addr: 0011 | Write Enable: 0 | Slave1 Select: 1 | Slave2 Select: 0 | Slave3 Select: 0
Time: 9345000 | Master Din: 00 | Addr: 0001 | Write Enable: 1 | Slave1 Select: 1 | Slave2 Select: 0 | Slave3 Select: 0
Time: 9365000 | Master Din: 00 | Addr: 0001 | Write Enable: 0 | Slave1 Select: 0 | Slave2 Select: 0 | Slave3 Select: 0
Time: 9395000 | Master Din: a5 | Addr: 1001 | Write Enable: 1 | Slave1 Select: 0 | Slave2 Select: 0 | Slave3 Select: 1
Time: 9415000 | Master Din: 00 | Addr: 0100 | Write Enable: 0 | Slave1 Select: 0 | Slave2 Select: 0 | Slave3 Select: 0
Time: 9425000 | Master Din: a5 | Addr: 0100 | Write Enable: 0 | Slave1 Select: 0 | Slave2 Select: 1 | Slave3 Select: 0
Time: 9445000 | Master Din: 00 | Addr: 0100 | Write Enable: 0 | Slave1 Select: 0 | Slave2 Select: 0 | Slave3 Select: 0
Time: 9465000 | Master Din: a5 | Addr: 1000 | Write Enable: 0 | Slave1 Select: 0 | Slave2 Select: 0 | Slave3 Select: 1
Time: 9485000 | Master Din: 00 | Addr: 0101 | Write Enable: 1 | Slave1 Select: 0 | Slave2 Select: 0 | Slave3 Select: 0
Time: 9495000 | Master Din: a5 | Addr: 0101 | Write Enable: 1 | Slave1 Select: 0 | Slave2 Select: 1 | Slave3 Select: 0
Time: 9515000 | Master Din: 00 | Addr: 0101 | Write Enable: 0 | Slave1 Select: 0 | Slave2 Select: 0 | Slave3 Select: 0
Time: 9535000 | Master Din: a5 | Addr: 0101 | Write Enable: 1 | Slave1 Select: 0 | Slave2 Select: 1 | Slave3 Select: 0
Time: 9555000 | Master Din: 00 | Addr: 1000 | Write Enable: 0 | Slave1 Select: 0 | Slave2 Select: 0 | Slave3 Select: 0
Time: 9565000 | Master Din: a5 | Addr: 1000 | Write Enable: 0 | Slave1 Select: 0 | Slave2 Select: 0 | Slave3 Select: 1
Time: 9585000 | Master Din: 00 | Addr: 1000 | Write Enable: 0 | Slave1 Select: 0 | Slave2 Select: 0 | Slave3 Select: 0
Time: 9605000 | Master Din: a5 | Addr: 0100 | Write Enable: 0 | Slave1 Select: 0 | Slave2 Select: 1 | Slave3 Select: 0
Time: 9625000 | Master Din: 00 | Addr: 1001 | Write Enable: 1 | Slave1 Select: 0 | Slave2 Select: 0 | Slave3 Select: 0
Time: 9635000 | Master Din: a5 | Addr: 1001 | Write Enable: 1 | Slave1 Select: 0 | Slave2 Select: 0 | Slave3 Select: 1
Time: 9655000 | Master Din: 00 | Addr: 1001 | Write Enable: 0 | Slave1 Select: 0 | Slave2 Select: 0 | Slave3 Select: 0
Time: 9675000 | Master Din: 00 | Addr: 0001 | Write Enable: 1 | Slave1 Select: 1 | Slave2 Select: 0 | Slave3 Select: 0
Time: 9695000 | Master Din: 00 | Addr: 1001 | Write Enable: 0 | Slave1 Select: 0 | Slave2 Select: 0 | Slave3 Select: 0
Time: 9745000 | Master Din: 00 | Addr: 0000 | Write Enable: 0 | Slave1 Select: 1 | Slave2 Select: 0 | Slave3 Select: 0
Time: 9755000 | Master Din: a5 | Addr: 0000 | Write Enable: 0 | Slave1 Select: 1 | Slave2 Select: 0 | Slave3 Select: 0
Time: 9765000 | Master Din: 00 | Addr: 0010 | Write Enable: 0 | Slave1 Select: 0 | Slave2 Select: 0 | Slave3 Select: 0
Time: 9775000 | Master Din: 00 | Addr: 0010 | Write Enable: 0 | Slave1 Select: 1 | Slave2 Select: 0 | Slave3 Select: 0
Time: 9795000 | Master Din: 00 | Addr: 0010 | Write Enable: 0 | Slave1 Select: 0 | Slave2 Select: 0 | Slave3 Select: 0
Time: 9845000 | Master Din: 00 | Addr: 0011 | Write Enable: 0 | Slave1 Select: 1 | Slave2 Select: 0 | Slave3 Select: 0
Time: 9855000 | Master Din: 00 | Addr: 0010 | Write Enable: 0 | Slave1 Select: 0 | Slave2 Select: 0 | Slave3 Select: 0
Time: 9945000 | Master Din: 00 | Addr: 0010 | Write Enable: 0 | Slave1 Select: 1 | Slave2 Select: 0 | Slave3 Select: 0
Time: 9955000 | Master Din: 5a | Addr: 0010 | Write Enable: 0 | Slave1 Select: 1 | Slave2 Select: 0 | Slave3 Select: 0
Time: 9965000 | Master Din: 00 | Addr: 0011 | Write Enable: 0 | Slave1 Select: 1 | Slave2 Select: 0 | Slave3 Select: 0
Time: 9985000 | Master Din: 00 | Addr: 0010 | Write Enable: 0 | Slave1 Select: 0 | Slave2 Select: 0 | Slave3 Select: 0
Time: 9995000 | Master Din: 00 | Addr: 0001 | Write Enable: 1 | Slave1 Select: 0 | Slave2 Select: 0 | Slave3 Select: 0
Time: 10015000 | Master Din: 00 | Addr: 0001 | Write Enable: 1 |