INFO: [VRFC 10-2263] Analyzing Verilog file "C:/Users/Hansa Niluka/OneDrive - University of Moratuwa/semster 07/4.EN4021 - Advanced Digital Systems/Bus-Desingn/simple_bus_MMMS_with_SSP/simple_bus_MMMS_with_SSP.srcs/sources_1/new/ss_memory.v" into library xil_defaultlib
INFO: [VRFC 10-311] analyzing module ss_memory
INFO: [VRFC 10-2263] Analyzing Verilog file "C:/Users/Hansa Niluka/OneDrive - University of Moratuwa/semster 07/4.EN4021 - Advanced Digital Systems/Bus-Desingn/simple_bus_MMMS_with_SSP/simple_bus_MMMS_with_SSP.srcs/sources_1/new/ss_slave.v" into library xil_defaultlib
INFO: [VRFC 10-311] analyzing module ss_slave
INFO: [VRFC 10-2263] Analyzing Verilog file "C:/Users/Hansa Niluka/OneDrive - University of Moratuwa/semster 07/4.EN4021 - Advanced Digital Systems/Bus-Desingn/simple_bus_MMMS_with_SSP/simple_bus_MMMS_with_SSP.srcs/sources_1/new/ss_slave_interface.v" into library xil_defaultlib
INFO: [VRFC 10-311] analyzing module ss_slave_interface
INFO: [VRFC 10-2263] Analyzing Verilog file "C:/Users/Hansa Niluka/OneDrive - University of Moratuwa/semster 07/4.EN4021 - Advanced Digital Systems/Bus-Desingn/simple_bus_MMMS_with_SSP/simple_bus_MMMS_with_SSP.srcs/sources_1/new/decoder.v" into library xil_defaultlib
INFO: [VRFC 10-311] analyzing module decoder
INFO: [VRFC 10-2263] Analyzing Verilog file "C:/Users/Hansa Niluka/OneDrive - University of Moratuwa/semster 07/4.EN4021 - Advanced Digital Systems/Bus-Desingn/simple_bus_MMMS_with_SSP/simple_bus_MMMS_with_SSP.srcs/sources_1/new/master1.v" into library xil_defaultlib
INFO: [VRFC 10-311] analyzing module master1
INFO: [VRFC 10-2263] Analyzing Verilog file "C:/Users/Hansa Niluka/OneDrive - University of Moratuwa/semster 07/4.EN4021 - Advanced Digital Systems/Bus-Desingn/simple_bus_MMMS_with_SSP/simple_bus_MMMS_with_SSP.srcs/sources_1/new/master2.v" into library xil_defaultlib
INFO: [VRFC 10-311] analyzing module master2
INFO: [VRFC 10-2263] Analyzing Verilog file "C:/Users/Hansa Niluka/OneDrive - University of Moratuwa/semster 07/4.EN4021 - Advanced Digital Systems/Bus-Desingn/simple_bus_MMMS_with_SSP/simple_bus_MMMS_with_SSP.srcs/sources_1/new/master_interface.v" into library xil_defaultlib
INFO: [VRFC 10-311] analyzing module master_interface
INFO: [VRFC 10-2263] Analyzing Verilog file "C:/Users/Hansa Niluka/OneDrive - University of Moratuwa/semster 07/4.EN4021 - Advanced Digital Systems/Bus-Desingn/simple_bus_MMMS_with_SSP/simple_bus_MMMS_with_SSP.srcs/sources_1/new/memory.v" into library xil_defaultlib
INFO: [VRFC 10-311] analyzing module memory
INFO: [VRFC 10-2263] Analyzing Verilog file "C:/Users/Hansa Niluka/OneDrive - University of Moratuwa/semster 07/4.EN4021 - Advanced Digital Systems/Bus-Desingn/simple_bus_MMMS_with_SSP/simple_bus_MMMS_with_SSP.srcs/sources_1/imports/new/mux_2to1_addr_data.v" into library xil_defaultlib
INFO: [VRFC 10-311] analyzing module mux_2to1_addr_data
INFO: [VRFC 10-2263] Analyzing Verilog file "C:/Users/Hansa Niluka/OneDrive - University of Moratuwa/semster 07/4.EN4021 - Advanced Digital Systems/Bus-Desingn/simple_bus_MMMS_with_SSP/simple_bus_MMMS_with_SSP.srcs/sources_1/imports/new/mux_3to1_8bit.v" into library xil_defaultlib
INFO: [VRFC 10-311] analyzing module mux_3to1_8bit
INFO: [VRFC 10-2263] Analyzing Verilog file "C:/Users/Hansa Niluka/OneDrive - University of Moratuwa/semster 07/4.EN4021 - Advanced Digital Systems/Bus-Desingn/simple_bus_MMMS_with_SSP/simple_bus_MMMS_with_SSP.srcs/sources_1/imports/new/mux_demux.v" into library xil_defaultlib
INFO: [VRFC 10-311] analyzing module mux_demux
INFO: [VRFC 10-2263] Analyzing Verilog file "C:/Users/Hansa Niluka/OneDrive - University of Moratuwa/semster 07/4.EN4021 - Advanced Digital Systems/Bus-Desingn/simple_bus_MMMS_with_SSP/simple_bus_MMMS_with_SSP.srcs/sources_1/new/simple_processor1.v" into library xil_defaultlib
INFO: [VRFC 10-311] analyzing module simple_processor1
INFO: [VRFC 10-2263] Analyzing Verilog file "C:/Users/Hansa Niluka/OneDrive - University of Moratuwa/semster 07/4.EN4021 - Advanced Digital Systems/Bus-Desingn/simple_bus_MMMS_with_SSP/simple_bus_MMMS_with_SSP.srcs/sources_1/new/simple_processor2.v" into library xil_defaultlib
INFO: [VRFC 10-311] analyzing module simple_processor2
INFO: [VRFC 10-2263] Analyzing Verilog file "C:/Users/Hansa Niluka/OneDrive - University of Moratuwa/semster 07/4.EN4021 - Advanced Digital Systems/Bus-Desingn/simple_bus_MMMS_with_SSP/simple_bus_MMMS_with_SSP.srcs/sources_1/new/slave.v" into library xil_defaultlib
INFO: [VRFC 10-311] analyzing module slave
INFO: [VRFC 10-2263] Analyzing Verilog file "C:/Users/Hansa Niluka/OneDrive - University of Moratuwa/semster 07/4.EN4021 - Advanced Digital Systems/Bus-Desingn/simple_bus_MMMS_with_SSP/simple_bus_MMMS_with_SSP.srcs/sources_1/new/slave_interface.v" into library xil_defaultlib
INFO: [VRFC 10-311] analyzing module slave_interface
INFO: [VRFC 10-2263] Analyzing Verilog file "C:/Users/Hansa Niluka/OneDrive - University of Moratuwa/semster 07/4.EN4021 - Advanced Digital Systems/Bus-Desingn/simple_bus_MMMS_with_SSP/simple_bus_MMMS_with_SSP.srcs/sources_1/new/ss_arbiter.v" into library xil_defaultlib
INFO: [VRFC 10-311] analyzing module ss_arbiter
INFO: [VRFC 10-2263] Analyzing Verilog file "C:/Users/Hansa Niluka/OneDrive - University of Moratuwa/semster 07/4.EN4021 - Advanced Digital Systems/Bus-Desingn/simple_bus_MMMS_with_SSP/simple_bus_MMMS_with_SSP.srcs/sources_1/new/tb_simple_bus_MMMS_SSS.v" into library xil_defaultlib
INFO: [VRFC 10-311] analyzing module tb_simple_bus_MMMS_SSS
